2019-04-20 21:04:41.523  INFO 32446 --- [           main] trationDelegate$BeanPostProcessorChecker : Bean 'org.springframework.cloud.autoconfigure.ConfigurationPropertiesRebinderAutoConfiguration' of type [org.springframework.cloud.autoconfigure.ConfigurationPropertiesRebinderAutoConfiguration$$EnhancerBySpringCGLIB$$844c862e] is not eligible for getting processed by all BeanPostProcessors (for example: not eligible for auto-proxying)

  .   ____          _            __ _ _
 /\\ / ___'_ __ _ _(_)_ __  __ _ \ \ \ \
( ( )\___ | '_ | '_| | '_ \/ _` | \ \ \ \
 \\/  ___)| |_)| | | | | || (_| |  ) ) ) )
  '  |____| .__|_| |_|_| |_\__, | / / / /
 =========|_|==============|___/=/_/_/_/
 :: Spring Boot ::        (v2.1.4.RELEASE)

2019-04-20 21:04:41.678  INFO 32446 --- [           main] q.g.c.n.NotificationApplication          : No active profile set, falling back to default profiles: default
2019-04-20 21:04:42.691  INFO 32446 --- [           main] o.s.cloud.context.scope.GenericScope     : BeanFactory id=d60a3cf5-ed8d-3467-ae43-14ff2fc33e12
2019-04-20 21:04:42.764  INFO 32446 --- [           main] trationDelegate$BeanPostProcessorChecker : Bean 'org.springframework.security.config.annotation.configuration.ObjectPostProcessorConfiguration' of type [org.springframework.security.config.annotation.configuration.ObjectPostProcessorConfiguration$$EnhancerBySpringCGLIB$$e04b6b] is not eligible for getting processed by all BeanPostProcessors (for example: not eligible for auto-proxying)
2019-04-20 21:04:42.770  INFO 32446 --- [           main] trationDelegate$BeanPostProcessorChecker : Bean 'objectPostProcessor' of type [org.springframework.security.config.annotation.configuration.AutowireBeanFactoryObjectPostProcessor] is not eligible for getting processed by all BeanPostProcessors (for example: not eligible for auto-proxying)
2019-04-20 21:04:42.773  INFO 32446 --- [           main] trationDelegate$BeanPostProcessorChecker : Bean 'org.springframework.security.access.expression.method.DefaultMethodSecurityExpressionHandler@19fe4644' of type [org.springframework.security.oauth2.provider.expression.OAuth2MethodSecurityExpressionHandler] is not eligible for getting processed by all BeanPostProcessors (for example: not eligible for auto-proxying)
2019-04-20 21:04:42.777  INFO 32446 --- [           main] trationDelegate$BeanPostProcessorChecker : Bean 'org.springframework.security.config.annotation.method.configuration.GlobalMethodSecurityConfiguration' of type [org.springframework.security.config.annotation.method.configuration.GlobalMethodSecurityConfiguration$$EnhancerBySpringCGLIB$$25b4ee1d] is not eligible for getting processed by all BeanPostProcessors (for example: not eligible for auto-proxying)
2019-04-20 21:04:42.780  INFO 32446 --- [           main] trationDelegate$BeanPostProcessorChecker : Bean 'methodSecurityMetadataSource' of type [org.springframework.security.access.method.DelegatingMethodSecurityMetadataSource] is not eligible for getting processed by all BeanPostProcessors (for example: not eligible for auto-proxying)
2019-04-20 21:04:42.790  INFO 32446 --- [           main] trationDelegate$BeanPostProcessorChecker : Bean 'org.springframework.cloud.autoconfigure.ConfigurationPropertiesRebinderAutoConfiguration' of type [org.springframework.cloud.autoconfigure.ConfigurationPropertiesRebinderAutoConfiguration$$EnhancerBySpringCGLIB$$844c862e] is not eligible for getting processed by all BeanPostProcessors (for example: not eligible for auto-proxying)
2019-04-20 21:04:43.129  INFO 32446 --- [           main] o.s.b.w.embedded.tomcat.TomcatWebServer  : Tomcat initialized with port(s): 6000 (http)
2019-04-20 21:04:43.160  INFO 32446 --- [           main] o.apache.catalina.core.StandardService   : Starting service [Tomcat]
2019-04-20 21:04:43.161  INFO 32446 --- [           main] org.apache.catalina.core.StandardEngine  : Starting Servlet engine: [Apache Tomcat/9.0.17]
2019-04-20 21:04:43.247  INFO 32446 --- [           main] o.a.c.c.C.[Tomcat].[localhost].[/]       : Initializing Spring embedded WebApplicationContext
2019-04-20 21:04:43.247  INFO 32446 --- [           main] o.s.web.context.ContextLoader            : Root WebApplicationContext: initialization completed in 1550 ms
2019-04-20 21:04:43.898  INFO 32446 --- [           main] .s.s.UserDetailsServiceAutoConfiguration : 

Using generated security password: e8f70979-592f-4eda-a0d4-38098c2872a0

WARNING: An illegal reflective access operation has occurred
WARNING: Illegal reflective access by com.sun.xml.bind.v2.runtime.reflect.opt.Injector (jar:file:/Users/sraj/Documents/demoapp/app/notification/target/notification-1.0-SNAPSHOT.jar!/BOOT-INF/lib/jaxb-impl-2.3.0.1.jar!/) to method java.lang.ClassLoader.defineClass(java.lang.String,byte[],int,int)
WARNING: Please consider reporting this to the maintainers of com.sun.xml.bind.v2.runtime.reflect.opt.Injector
WARNING: Use --illegal-access=warn to enable warnings of further illegal reflective access operations
WARNING: All illegal access operations will be denied in a future release
2019-04-20 21:04:44.138  INFO 32446 --- [           main] o.s.s.web.DefaultSecurityFilterChain     : Creating filter chain: any request, [org.springframework.security.web.context.request.async.WebAsyncManagerIntegrationFilter@6c65860d, org.springframework.security.web.context.SecurityContextPersistenceFilter@1ad8df52, org.springframework.security.web.header.HeaderWriterFilter@59496961, org.springframework.security.web.authentication.logout.LogoutFilter@5ff60a8c, org.springframework.security.oauth2.provider.authentication.OAuth2AuthenticationProcessingFilter@4a05d8ae, org.springframework.security.web.savedrequest.RequestCacheAwareFilter@3f29e26, org.springframework.security.web.servletapi.SecurityContextHolderAwareRequestFilter@26d820eb, org.springframework.security.web.authentication.AnonymousAuthenticationFilter@2d000e80, org.springframework.security.web.session.SessionManagementFilter@bb9ab64, org.springframework.security.web.access.ExceptionTranslationFilter@69da0b12, org.springframework.security.web.access.intercept.FilterSecurityInterceptor@2c2db130]
2019-04-20 21:04:44.313  INFO 32446 --- [           main] o.s.s.concurrent.ThreadPoolTaskExecutor  : Initializing ExecutorService 'applicationTaskExecutor'
2019-04-20 21:04:44.630  INFO 32446 --- [           main] o.s.b.a.e.web.EndpointLinksResolver      : Exposing 2 endpoint(s) beneath base path '/actuator'
2019-04-20 21:04:44.816  INFO 32446 --- [           main] o.s.b.w.embedded.tomcat.TomcatWebServer  : Tomcat started on port(s): 6000 (http) with context path ''
2019-04-20 21:04:44.821  INFO 32446 --- [           main] q.g.c.n.NotificationApplication          : Started NotificationApplication in 8.96 seconds (JVM running for 9.535)
2019-04-20 21:05:41.239  INFO 32446 --- [nio-6000-exec-1] o.a.c.c.C.[Tomcat].[localhost].[/]       : Initializing Spring DispatcherServlet 'dispatcherServlet'
2019-04-20 21:05:41.240  INFO 32446 --- [nio-6000-exec-1] o.s.web.servlet.DispatcherServlet        : Initializing Servlet 'dispatcherServlet'
2019-04-20 21:05:41.249  INFO 32446 --- [nio-6000-exec-1] o.s.web.servlet.DispatcherServlet        : Completed initialization in 9 ms
2019-04-20 21:09:54.981  INFO 32446 --- [       Thread-5] o.s.s.concurrent.ThreadPoolTaskExecutor  : Shutting down ExecutorService 'applicationTaskExecutor'
2019-04-20 21:16:20.649  INFO 32694 --- [           main] trationDelegate$BeanPostProcessorChecker : Bean 'org.springframework.cloud.autoconfigure.ConfigurationPropertiesRebinderAutoConfiguration' of type [org.springframework.cloud.autoconfigure.ConfigurationPropertiesRebinderAutoConfiguration$$EnhancerBySpringCGLIB$$8fe2bda1] is not eligible for getting processed by all BeanPostProcessors (for example: not eligible for auto-proxying)

  .   ____          _            __ _ _
 /\\ / ___'_ __ _ _(_)_ __  __ _ \ \ \ \
( ( )\___ | '_ | '_| | '_ \/ _` | \ \ \ \
 \\/  ___)| |_)| | | | | || (_| |  ) ) ) )
  '  |____| .__|_| |_|_| |_\__, | / / / /
 =========|_|==============|___/=/_/_/_/
 :: Spring Boot ::        (v2.1.4.RELEASE)

2019-04-20 21:16:20.838  INFO 32694 --- [           main] q.g.c.n.NotificationApplication          : No active profile set, falling back to default profiles: default
2019-04-20 21:16:22.035  INFO 32694 --- [           main] o.s.cloud.context.scope.GenericScope     : BeanFactory id=d60a3cf5-ed8d-3467-ae43-14ff2fc33e12
2019-04-20 21:16:22.135  INFO 32694 --- [           main] trationDelegate$BeanPostProcessorChecker : Bean 'org.springframework.security.config.annotation.configuration.ObjectPostProcessorConfiguration' of type [org.springframework.security.config.annotation.configuration.ObjectPostProcessorConfiguration$$EnhancerBySpringCGLIB$$c7682de] is not eligible for getting processed by all BeanPostProcessors (for example: not eligible for auto-proxying)
2019-04-20 21:16:22.143  INFO 32694 --- [           main] trationDelegate$BeanPostProcessorChecker : Bean 'objectPostProcessor' of type [org.springframework.security.config.annotation.configuration.AutowireBeanFactoryObjectPostProcessor] is not eligible for getting processed by all BeanPostProcessors (for example: not eligible for auto-proxying)
2019-04-20 21:16:22.147  INFO 32694 --- [           main] trationDelegate$BeanPostProcessorChecker : Bean 'org.springframework.security.access.expression.method.DefaultMethodSecurityExpressionHandler@7e3f95fe' of type [org.springframework.security.oauth2.provider.expression.OAuth2MethodSecurityExpressionHandler] is not eligible for getting processed by all BeanPostProcessors (for example: not eligible for auto-proxying)
2019-04-20 21:16:22.151  INFO 32694 --- [           main] trationDelegate$BeanPostProcessorChecker : Bean 'org.springframework.security.config.annotation.method.configuration.GlobalMethodSecurityConfiguration' of type [org.springframework.security.config.annotation.method.configuration.GlobalMethodSecurityConfiguration$$EnhancerBySpringCGLIB$$314b2590] is not eligible for getting processed by all BeanPostProcessors (for example: not eligible for auto-proxying)
2019-04-20 21:16:22.155  INFO 32694 --- [           main] trationDelegate$BeanPostProcessorChecker : Bean 'methodSecurityMetadataSource' of type [org.springframework.security.access.method.DelegatingMethodSecurityMetadataSource] is not eligible for getting processed by all BeanPostProcessors (for example: not eligible for auto-proxying)
2019-04-20 21:16:22.169  INFO 32694 --- [           main] trationDelegate$BeanPostProcessorChecker : Bean 'org.springframework.cloud.autoconfigure.ConfigurationPropertiesRebinderAutoConfiguration' of type [org.springframework.cloud.autoconfigure.ConfigurationPropertiesRebinderAutoConfiguration$$EnhancerBySpringCGLIB$$8fe2bda1] is not eligible for getting processed by all BeanPostProcessors (for example: not eligible for auto-proxying)
2019-04-20 21:16:22.551  INFO 32694 --- [           main] o.s.b.w.embedded.tomcat.TomcatWebServer  : Tomcat initialized with port(s): 6000 (http)
2019-04-20 21:16:22.590  INFO 32694 --- [           main] o.apache.catalina.core.StandardService   : Starting service [Tomcat]
2019-04-20 21:16:22.590  INFO 32694 --- [           main] org.apache.catalina.core.StandardEngine  : Starting Servlet engine: [Apache Tomcat/9.0.17]
2019-04-20 21:16:22.685  INFO 32694 --- [           main] o.a.c.c.C.[Tomcat].[localhost].[/]       : Initializing Spring embedded WebApplicationContext
2019-04-20 21:16:22.686  INFO 32694 --- [           main] o.s.web.context.ContextLoader            : Root WebApplicationContext: initialization completed in 1822 ms
2019-04-20 21:16:23.426  INFO 32694 --- [           main] .s.s.UserDetailsServiceAutoConfiguration : 

Using generated security password: 24fec592-0cf0-4114-9219-4e1bb7f01ccb

WARNING: An illegal reflective access operation has occurred
WARNING: Illegal reflective access by com.sun.xml.bind.v2.runtime.reflect.opt.Injector (jar:file:/Users/sraj/Documents/demoapp/app/notification/target/notification-1.0-SNAPSHOT.jar!/BOOT-INF/lib/jaxb-impl-2.3.0.1.jar!/) to method java.lang.ClassLoader.defineClass(java.lang.String,byte[],int,int)
WARNING: Please consider reporting this to the maintainers of com.sun.xml.bind.v2.runtime.reflect.opt.Injector
WARNING: Use --illegal-access=warn to enable warnings of further illegal reflective access operations
WARNING: All illegal access operations will be denied in a future release
2019-04-20 21:16:23.776  INFO 32694 --- [           main] o.s.s.web.DefaultSecurityFilterChain     : Creating filter chain: any request, [org.springframework.security.web.context.request.async.WebAsyncManagerIntegrationFilter@4393593c, org.springframework.security.web.context.SecurityContextPersistenceFilter@3c6aa04a, org.springframework.security.web.header.HeaderWriterFilter@14bf57b2, org.springframework.security.web.authentication.logout.LogoutFilter@6fd5717c, org.springframework.security.oauth2.provider.authentication.OAuth2AuthenticationProcessingFilter@3cee53dc, org.springframework.security.web.savedrequest.RequestCacheAwareFilter@7144655b, org.springframework.security.web.servletapi.SecurityContextHolderAwareRequestFilter@7a231dfd, org.springframework.security.web.authentication.AnonymousAuthenticationFilter@314c8b4a, org.springframework.security.web.session.SessionManagementFilter@345cf395, org.springframework.security.web.access.ExceptionTranslationFilter@cfbc8e8, org.springframework.security.web.access.intercept.FilterSecurityInterceptor@45d6ef73]
2019-04-20 21:16:23.993  INFO 32694 --- [           main] o.s.s.concurrent.ThreadPoolTaskExecutor  : Initializing ExecutorService 'applicationTaskExecutor'
2019-04-20 21:16:24.338  INFO 32694 --- [           main] o.s.b.a.e.web.EndpointLinksResolver      : Exposing 2 endpoint(s) beneath base path '/actuator'
2019-04-20 21:16:24.530  INFO 32694 --- [           main] o.s.b.w.embedded.tomcat.TomcatWebServer  : Tomcat started on port(s): 6000 (http) with context path ''
2019-04-20 21:16:24.534  INFO 32694 --- [           main] q.g.c.n.NotificationApplication          : Started NotificationApplication in 9.669 seconds (JVM running for 10.234)
2019-04-20 21:16:31.290  INFO 32694 --- [nio-6000-exec-1] o.a.c.c.C.[Tomcat].[localhost].[/]       : Initializing Spring DispatcherServlet 'dispatcherServlet'
2019-04-20 21:16:31.291  INFO 32694 --- [nio-6000-exec-1] o.s.web.servlet.DispatcherServlet        : Initializing Servlet 'dispatcherServlet'
2019-04-20 21:16:31.302  INFO 32694 --- [nio-6000-exec-1] o.s.web.servlet.DispatcherServlet        : Completed initialization in 11 ms
2019-04-20 21:17:22.093  INFO 32694 --- [       Thread-5] o.s.s.concurrent.ThreadPoolTaskExecutor  : Shutting down ExecutorService 'applicationTaskExecutor'
usage: kill [-s signal_name] pid ...
       kill -l [exit_status]
       kill -signal_name pid ...
       kill -signal_number pid ...
usage: kill [-s signal_name] pid ...
       kill -l [exit_status]
       kill -signal_name pid ...
       kill -signal_number pid ...
2019-04-20 21:24:52.075  INFO 33063 --- [           main] trationDelegate$BeanPostProcessorChecker : Bean 'org.springframework.cloud.autoconfigure.ConfigurationPropertiesRebinderAutoConfiguration' of type [org.springframework.cloud.autoconfigure.ConfigurationPropertiesRebinderAutoConfiguration$$EnhancerBySpringCGLIB$$1fefc0b1] is not eligible for getting processed by all BeanPostProcessors (for example: not eligible for auto-proxying)

  .   ____          _            __ _ _
 /\\ / ___'_ __ _ _(_)_ __  __ _ \ \ \ \
( ( )\___ | '_ | '_| | '_ \/ _` | \ \ \ \
 \\/  ___)| |_)| | | | | || (_| |  ) ) ) )
  '  |____| .__|_| |_|_| |_\__, | / / / /
 =========|_|==============|___/=/_/_/_/
 :: Spring Boot ::        (v2.1.4.RELEASE)

2019-04-20 21:24:52.249  INFO 33063 --- [           main] q.g.c.n.NotificationApplication          : No active profile set, falling back to default profiles: default
2019-04-20 21:24:53.421  INFO 33063 --- [           main] o.s.cloud.context.scope.GenericScope     : BeanFactory id=d60a3cf5-ed8d-3467-ae43-14ff2fc33e12
2019-04-20 21:24:53.499  INFO 33063 --- [           main] trationDelegate$BeanPostProcessorChecker : Bean 'org.springframework.security.config.annotation.configuration.ObjectPostProcessorConfiguration' of type [org.springframework.security.config.annotation.configuration.ObjectPostProcessorConfiguration$$EnhancerBySpringCGLIB$$9c8385ee] is not eligible for getting processed by all BeanPostProcessors (for example: not eligible for auto-proxying)
2019-04-20 21:24:53.506  INFO 33063 --- [           main] trationDelegate$BeanPostProcessorChecker : Bean 'objectPostProcessor' of type [org.springframework.security.config.annotation.configuration.AutowireBeanFactoryObjectPostProcessor] is not eligible for getting processed by all BeanPostProcessors (for example: not eligible for auto-proxying)
2019-04-20 21:24:53.510  INFO 33063 --- [           main] trationDelegate$BeanPostProcessorChecker : Bean 'org.springframework.security.access.expression.method.DefaultMethodSecurityExpressionHandler@46f699d5' of type [org.springframework.security.oauth2.provider.expression.OAuth2MethodSecurityExpressionHandler] is not eligible for getting processed by all BeanPostProcessors (for example: not eligible for auto-proxying)
2019-04-20 21:24:53.513  INFO 33063 --- [           main] trationDelegate$BeanPostProcessorChecker : Bean 'org.springframework.security.config.annotation.method.configuration.GlobalMethodSecurityConfiguration' of type [org.springframework.security.config.annotation.method.configuration.GlobalMethodSecurityConfiguration$$EnhancerBySpringCGLIB$$c15828a0] is not eligible for getting processed by all BeanPostProcessors (for example: not eligible for auto-proxying)
2019-04-20 21:24:53.516  INFO 33063 --- [           main] trationDelegate$BeanPostProcessorChecker : Bean 'methodSecurityMetadataSource' of type [org.springframework.security.access.method.DelegatingMethodSecurityMetadataSource] is not eligible for getting processed by all BeanPostProcessors (for example: not eligible for auto-proxying)
2019-04-20 21:24:53.527  INFO 33063 --- [           main] trationDelegate$BeanPostProcessorChecker : Bean 'org.springframework.cloud.autoconfigure.ConfigurationPropertiesRebinderAutoConfiguration' of type [org.springframework.cloud.autoconfigure.ConfigurationPropertiesRebinderAutoConfiguration$$EnhancerBySpringCGLIB$$1fefc0b1] is not eligible for getting processed by all BeanPostProcessors (for example: not eligible for auto-proxying)
2019-04-20 21:24:53.909  INFO 33063 --- [           main] o.s.b.w.embedded.tomcat.TomcatWebServer  : Tomcat initialized with port(s): 6000 (http)
2019-04-20 21:24:53.944  INFO 33063 --- [           main] o.apache.catalina.core.StandardService   : Starting service [Tomcat]
2019-04-20 21:24:53.944  INFO 33063 --- [           main] org.apache.catalina.core.StandardEngine  : Starting Servlet engine: [Apache Tomcat/9.0.17]
2019-04-20 21:24:54.063  INFO 33063 --- [           main] o.a.c.c.C.[Tomcat].[localhost].[/]       : Initializing Spring embedded WebApplicationContext
2019-04-20 21:24:54.064  INFO 33063 --- [           main] o.s.web.context.ContextLoader            : Root WebApplicationContext: initialization completed in 1792 ms
2019-04-20 21:24:54.837  INFO 33063 --- [           main] .s.s.UserDetailsServiceAutoConfiguration : 

Using generated security password: e7381821-aa4c-4119-9308-17acebc3ff20

WARNING: An illegal reflective access operation has occurred
WARNING: Illegal reflective access by com.sun.xml.bind.v2.runtime.reflect.opt.Injector (jar:file:/Users/sraj/Documents/demoapp/app/notification/target/notification-1.0-SNAPSHOT.jar!/BOOT-INF/lib/jaxb-impl-2.3.0.1.jar!/) to method java.lang.ClassLoader.defineClass(java.lang.String,byte[],int,int)
WARNING: Please consider reporting this to the maintainers of com.sun.xml.bind.v2.runtime.reflect.opt.Injector
WARNING: Use --illegal-access=warn to enable warnings of further illegal reflective access operations
WARNING: All illegal access operations will be denied in a future release
2019-04-20 21:24:55.188  INFO 33063 --- [           main] o.s.s.web.DefaultSecurityFilterChain     : Creating filter chain: any request, [org.springframework.security.web.context.request.async.WebAsyncManagerIntegrationFilter@acf859d, org.springframework.security.web.context.SecurityContextPersistenceFilter@53ac845a, org.springframework.security.web.header.HeaderWriterFilter@2b61a019, org.springframework.security.web.authentication.logout.LogoutFilter@79b08632, org.springframework.security.oauth2.provider.authentication.OAuth2AuthenticationProcessingFilter@314c8b4a, org.springframework.security.web.savedrequest.RequestCacheAwareFilter@26a4551a, org.springframework.security.web.servletapi.SecurityContextHolderAwareRequestFilter@50194e8d, org.springframework.security.web.authentication.AnonymousAuthenticationFilter@6df3e44c, org.springframework.security.web.session.SessionManagementFilter@4d774249, org.springframework.security.web.access.ExceptionTranslationFilter@1fde4f40, org.springframework.security.web.access.intercept.FilterSecurityInterceptor@5246a3b3]
2019-04-20 21:24:55.401  INFO 33063 --- [           main] o.s.s.concurrent.ThreadPoolTaskExecutor  : Initializing ExecutorService 'applicationTaskExecutor'
2019-04-20 21:24:55.747  INFO 33063 --- [           main] o.s.b.a.e.web.EndpointLinksResolver      : Exposing 2 endpoint(s) beneath base path '/actuator'
2019-04-20 21:24:55.960  INFO 33063 --- [           main] o.s.b.w.embedded.tomcat.TomcatWebServer  : Tomcat started on port(s): 6000 (http) with context path ''
2019-04-20 21:24:55.965  INFO 33063 --- [           main] q.g.c.n.NotificationApplication          : Started NotificationApplication in 9.646 seconds (JVM running for 10.21)
2019-04-20 21:24:56.091  INFO 33063 --- [nio-6000-exec-1] o.a.c.c.C.[Tomcat].[localhost].[/]       : Initializing Spring DispatcherServlet 'dispatcherServlet'
2019-04-20 21:24:56.091  INFO 33063 --- [nio-6000-exec-1] o.s.web.servlet.DispatcherServlet        : Initializing Servlet 'dispatcherServlet'
2019-04-20 21:24:56.103  INFO 33063 --- [nio-6000-exec-1] o.s.web.servlet.DispatcherServlet        : Completed initialization in 12 ms
2019-04-20 21:25:01.127  INFO 33063 --- [       Thread-5] o.s.s.concurrent.ThreadPoolTaskExecutor  : Shutting down ExecutorService 'applicationTaskExecutor'
2019-04-20 21:27:55.855  INFO 33118 --- [           main] trationDelegate$BeanPostProcessorChecker : Bean 'org.springframework.cloud.autoconfigure.ConfigurationPropertiesRebinderAutoConfiguration' of type [org.springframework.cloud.autoconfigure.ConfigurationPropertiesRebinderAutoConfiguration$$EnhancerBySpringCGLIB$$e858a1de] is not eligible for getting processed by all BeanPostProcessors (for example: not eligible for auto-proxying)

  .   ____          _            __ _ _
 /\\ / ___'_ __ _ _(_)_ __  __ _ \ \ \ \
( ( )\___ | '_ | '_| | '_ \/ _` | \ \ \ \
 \\/  ___)| |_)| | | | | || (_| |  ) ) ) )
  '  |____| .__|_| |_|_| |_\__, | / / / /
 =========|_|==============|___/=/_/_/_/
 :: Spring Boot ::        (v2.1.4.RELEASE)

2019-04-20 21:27:56.016  INFO 33118 --- [           main] q.g.c.n.NotificationApplication          : No active profile set, falling back to default profiles: default
2019-04-20 21:27:57.034  INFO 33118 --- [           main] o.s.cloud.context.scope.GenericScope     : BeanFactory id=d60a3cf5-ed8d-3467-ae43-14ff2fc33e12
2019-04-20 21:27:57.108  INFO 33118 --- [           main] trationDelegate$BeanPostProcessorChecker : Bean 'org.springframework.security.config.annotation.configuration.ObjectPostProcessorConfiguration' of type [org.springframework.security.config.annotation.configuration.ObjectPostProcessorConfiguration$$EnhancerBySpringCGLIB$$64ec671b] is not eligible for getting processed by all BeanPostProcessors (for example: not eligible for auto-proxying)
2019-04-20 21:27:57.115  INFO 33118 --- [           main] trationDelegate$BeanPostProcessorChecker : Bean 'objectPostProcessor' of type [org.springframework.security.config.annotation.configuration.AutowireBeanFactoryObjectPostProcessor] is not eligible for getting processed by all BeanPostProcessors (for example: not eligible for auto-proxying)
2019-04-20 21:27:57.118  INFO 33118 --- [           main] trationDelegate$BeanPostProcessorChecker : Bean 'org.springframework.security.access.expression.method.DefaultMethodSecurityExpressionHandler@b40bb6e' of type [org.springframework.security.oauth2.provider.expression.OAuth2MethodSecurityExpressionHandler] is not eligible for getting processed by all BeanPostProcessors (for example: not eligible for auto-proxying)
2019-04-20 21:27:57.120  INFO 33118 --- [           main] trationDelegate$BeanPostProcessorChecker : Bean 'org.springframework.security.config.annotation.method.configuration.GlobalMethodSecurityConfiguration' of type [org.springframework.security.config.annotation.method.configuration.GlobalMethodSecurityConfiguration$$EnhancerBySpringCGLIB$$89c109cd] is not eligible for getting processed by all BeanPostProcessors (for example: not eligible for auto-proxying)
2019-04-20 21:27:57.123  INFO 33118 --- [           main] trationDelegate$BeanPostProcessorChecker : Bean 'methodSecurityMetadataSource' of type [org.springframework.security.access.method.DelegatingMethodSecurityMetadataSource] is not eligible for getting processed by all BeanPostProcessors (for example: not eligible for auto-proxying)
2019-04-20 21:27:57.132  INFO 33118 --- [           main] trationDelegate$BeanPostProcessorChecker : Bean 'org.springframework.cloud.autoconfigure.ConfigurationPropertiesRebinderAutoConfiguration' of type [org.springframework.cloud.autoconfigure.ConfigurationPropertiesRebinderAutoConfiguration$$EnhancerBySpringCGLIB$$e858a1de] is not eligible for getting processed by all BeanPostProcessors (for example: not eligible for auto-proxying)
2019-04-20 21:27:57.441  INFO 33118 --- [           main] o.s.b.w.embedded.tomcat.TomcatWebServer  : Tomcat initialized with port(s): 6000 (http)
2019-04-20 21:27:57.471  INFO 33118 --- [           main] o.apache.catalina.core.StandardService   : Starting service [Tomcat]
2019-04-20 21:27:57.471  INFO 33118 --- [           main] org.apache.catalina.core.StandardEngine  : Starting Servlet engine: [Apache Tomcat/9.0.17]
2019-04-20 21:27:57.558  INFO 33118 --- [           main] o.a.c.c.C.[Tomcat].[localhost].[/]       : Initializing Spring embedded WebApplicationContext
2019-04-20 21:27:57.558  INFO 33118 --- [           main] o.s.web.context.ContextLoader            : Root WebApplicationContext: initialization completed in 1520 ms
2019-04-20 21:27:58.212  INFO 33118 --- [           main] .s.s.UserDetailsServiceAutoConfiguration : 

Using generated security password: 4375a1f4-b62d-4887-9f7d-7593c949af31

WARNING: An illegal reflective access operation has occurred
WARNING: Illegal reflective access by com.sun.xml.bind.v2.runtime.reflect.opt.Injector (jar:file:/Users/sraj/Documents/demoapp/app/notification/target/notification-1.0-SNAPSHOT.jar!/BOOT-INF/lib/jaxb-impl-2.3.0.1.jar!/) to method java.lang.ClassLoader.defineClass(java.lang.String,byte[],int,int)
WARNING: Please consider reporting this to the maintainers of com.sun.xml.bind.v2.runtime.reflect.opt.Injector
WARNING: Use --illegal-access=warn to enable warnings of further illegal reflective access operations
WARNING: All illegal access operations will be denied in a future release
2019-04-20 21:27:58.476  INFO 33118 --- [           main] o.s.s.web.DefaultSecurityFilterChain     : Creating filter chain: any request, [org.springframework.security.web.context.request.async.WebAsyncManagerIntegrationFilter@b10a26d, org.springframework.security.web.context.SecurityContextPersistenceFilter@3b05a99b, org.springframework.security.web.header.HeaderWriterFilter@3f29e26, org.springframework.security.web.authentication.logout.LogoutFilter@7ce7e83c, org.springframework.security.oauth2.provider.authentication.OAuth2AuthenticationProcessingFilter@6fd77352, org.springframework.security.web.savedrequest.RequestCacheAwareFilter@7d0cc890, org.springframework.security.web.servletapi.SecurityContextHolderAwareRequestFilter@67b7c170, org.springframework.security.web.authentication.AnonymousAuthenticationFilter@74075134, org.springframework.security.web.session.SessionManagementFilter@9fec931, org.springframework.security.web.access.ExceptionTranslationFilter@1ad8df52, org.springframework.security.web.access.intercept.FilterSecurityInterceptor@33f98231]
2019-04-20 21:27:58.668  INFO 33118 --- [           main] o.s.s.concurrent.ThreadPoolTaskExecutor  : Initializing ExecutorService 'applicationTaskExecutor'
2019-04-20 21:27:58.992  INFO 33118 --- [           main] o.s.b.a.e.web.EndpointLinksResolver      : Exposing 2 endpoint(s) beneath base path '/actuator'
2019-04-20 21:27:59.176  INFO 33118 --- [           main] o.s.b.w.embedded.tomcat.TomcatWebServer  : Tomcat started on port(s): 6000 (http) with context path ''
2019-04-20 21:27:59.179  INFO 33118 --- [           main] q.g.c.n.NotificationApplication          : Started NotificationApplication in 9.073 seconds (JVM running for 9.653)
2019-04-20 21:41:32.200  INFO 33118 --- [       Thread-5] o.s.s.concurrent.ThreadPoolTaskExecutor  : Shutting down ExecutorService 'applicationTaskExecutor'
2019-04-20 21:54:46.078  INFO 33583 --- [           main] trationDelegate$BeanPostProcessorChecker : Bean 'org.springframework.cloud.autoconfigure.ConfigurationPropertiesRebinderAutoConfiguration' of type [org.springframework.cloud.autoconfigure.ConfigurationPropertiesRebinderAutoConfiguration$$EnhancerBySpringCGLIB$$e502bc07] is not eligible for getting processed by all BeanPostProcessors (for example: not eligible for auto-proxying)

  .   ____          _            __ _ _
 /\\ / ___'_ __ _ _(_)_ __  __ _ \ \ \ \
( ( )\___ | '_ | '_| | '_ \/ _` | \ \ \ \
 \\/  ___)| |_)| | | | | || (_| |  ) ) ) )
  '  |____| .__|_| |_|_| |_\__, | / / / /
 =========|_|==============|___/=/_/_/_/
 :: Spring Boot ::        (v2.1.4.RELEASE)

2019-04-20 21:54:46.234  INFO 33583 --- [           main] q.g.c.n.NotificationApplication          : No active profile set, falling back to default profiles: default
2019-04-20 21:54:47.267  INFO 33583 --- [           main] o.s.cloud.context.scope.GenericScope     : BeanFactory id=d60a3cf5-ed8d-3467-ae43-14ff2fc33e12
2019-04-20 21:54:47.342  INFO 33583 --- [           main] trationDelegate$BeanPostProcessorChecker : Bean 'org.springframework.security.config.annotation.configuration.ObjectPostProcessorConfiguration' of type [org.springframework.security.config.annotation.configuration.ObjectPostProcessorConfiguration$$EnhancerBySpringCGLIB$$61968144] is not eligible for getting processed by all BeanPostProcessors (for example: not eligible for auto-proxying)
2019-04-20 21:54:47.349  INFO 33583 --- [           main] trationDelegate$BeanPostProcessorChecker : Bean 'objectPostProcessor' of type [org.springframework.security.config.annotation.configuration.AutowireBeanFactoryObjectPostProcessor] is not eligible for getting processed by all BeanPostProcessors (for example: not eligible for auto-proxying)
2019-04-20 21:54:47.352  INFO 33583 --- [           main] trationDelegate$BeanPostProcessorChecker : Bean 'org.springframework.security.access.expression.method.DefaultMethodSecurityExpressionHandler@346a361' of type [org.springframework.security.oauth2.provider.expression.OAuth2MethodSecurityExpressionHandler] is not eligible for getting processed by all BeanPostProcessors (for example: not eligible for auto-proxying)
2019-04-20 21:54:47.353  INFO 33583 --- [           main] trationDelegate$BeanPostProcessorChecker : Bean 'org.springframework.security.config.annotation.method.configuration.GlobalMethodSecurityConfiguration' of type [org.springframework.security.config.annotation.method.configuration.GlobalMethodSecurityConfiguration$$EnhancerBySpringCGLIB$$866b23f6] is not eligible for getting processed by all BeanPostProcessors (for example: not eligible for auto-proxying)
2019-04-20 21:54:47.357  INFO 33583 --- [           main] trationDelegate$BeanPostProcessorChecker : Bean 'methodSecurityMetadataSource' of type [org.springframework.security.access.method.DelegatingMethodSecurityMetadataSource] is not eligible for getting processed by all BeanPostProcessors (for example: not eligible for auto-proxying)
2019-04-20 21:54:47.368  INFO 33583 --- [           main] trationDelegate$BeanPostProcessorChecker : Bean 'org.springframework.cloud.autoconfigure.ConfigurationPropertiesRebinderAutoConfiguration' of type [org.springframework.cloud.autoconfigure.ConfigurationPropertiesRebinderAutoConfiguration$$EnhancerBySpringCGLIB$$e502bc07] is not eligible for getting processed by all BeanPostProcessors (for example: not eligible for auto-proxying)
2019-04-20 21:54:47.691  INFO 33583 --- [           main] o.s.b.w.embedded.tomcat.TomcatWebServer  : Tomcat initialized with port(s): 6000 (http)
2019-04-20 21:54:47.721  INFO 33583 --- [           main] o.apache.catalina.core.StandardService   : Starting service [Tomcat]
2019-04-20 21:54:47.722  INFO 33583 --- [           main] org.apache.catalina.core.StandardEngine  : Starting Servlet engine: [Apache Tomcat/9.0.17]
2019-04-20 21:54:47.806  INFO 33583 --- [           main] o.a.c.c.C.[Tomcat].[localhost].[/]       : Initializing Spring embedded WebApplicationContext
2019-04-20 21:54:47.806  INFO 33583 --- [           main] o.s.web.context.ContextLoader            : Root WebApplicationContext: initialization completed in 1553 ms
2019-04-20 21:54:48.463  INFO 33583 --- [           main] .s.s.UserDetailsServiceAutoConfiguration : 

Using generated security password: f123fefc-4601-4a53-a309-e8f84de4e092

WARNING: An illegal reflective access operation has occurred
WARNING: Illegal reflective access by com.sun.xml.bind.v2.runtime.reflect.opt.Injector (jar:file:/Users/sraj/Documents/demoapp/app/notification/target/notification-1.0-SNAPSHOT.jar!/BOOT-INF/lib/jaxb-impl-2.3.0.1.jar!/) to method java.lang.ClassLoader.defineClass(java.lang.String,byte[],int,int)
WARNING: Please consider reporting this to the maintainers of com.sun.xml.bind.v2.runtime.reflect.opt.Injector
WARNING: Use --illegal-access=warn to enable warnings of further illegal reflective access operations
WARNING: All illegal access operations will be denied in a future release
2019-04-20 21:54:48.733  INFO 33583 --- [           main] o.s.s.web.DefaultSecurityFilterChain     : Creating filter chain: any request, [org.springframework.security.web.context.request.async.WebAsyncManagerIntegrationFilter@4682eba5, org.springframework.security.web.context.SecurityContextPersistenceFilter@5246a3b3, org.springframework.security.web.header.HeaderWriterFilter@2c43eb8, org.springframework.security.web.authentication.logout.LogoutFilter@460510aa, org.springframework.security.oauth2.provider.authentication.OAuth2AuthenticationProcessingFilter@7cf283e1, org.springframework.security.web.savedrequest.RequestCacheAwareFilter@4c4f4365, org.springframework.security.web.servletapi.SecurityContextHolderAwareRequestFilter@4a05d8ae, org.springframework.security.web.authentication.AnonymousAuthenticationFilter@6d9fb2d1, org.springframework.security.web.session.SessionManagementFilter@67440de6, org.springframework.security.web.access.ExceptionTranslationFilter@5cbd159f, org.springframework.security.web.access.intercept.FilterSecurityInterceptor@68c87fc3]
2019-04-20 21:54:48.928  INFO 33583 --- [           main] o.s.s.concurrent.ThreadPoolTaskExecutor  : Initializing ExecutorService 'applicationTaskExecutor'
2019-04-20 21:54:49.243  INFO 33583 --- [           main] o.s.b.a.e.web.EndpointLinksResolver      : Exposing 2 endpoint(s) beneath base path '/actuator'
2019-04-20 21:54:49.414  INFO 33583 --- [           main] o.s.b.w.embedded.tomcat.TomcatWebServer  : Tomcat started on port(s): 6000 (http) with context path ''
2019-04-20 21:54:49.419  INFO 33583 --- [           main] q.g.c.n.NotificationApplication          : Started NotificationApplication in 9.03 seconds (JVM running for 9.531)
2019-04-20 21:56:29.144  INFO 33583 --- [       Thread-5] o.s.s.concurrent.ThreadPoolTaskExecutor  : Shutting down ExecutorService 'applicationTaskExecutor'
2019-04-20 21:58:15.795  INFO 33898 --- [           main] trationDelegate$BeanPostProcessorChecker : Bean 'org.springframework.cloud.autoconfigure.ConfigurationPropertiesRebinderAutoConfiguration' of type [org.springframework.cloud.autoconfigure.ConfigurationPropertiesRebinderAutoConfiguration$$EnhancerBySpringCGLIB$$8812a09] is not eligible for getting processed by all BeanPostProcessors (for example: not eligible for auto-proxying)

  .   ____          _            __ _ _
 /\\ / ___'_ __ _ _(_)_ __  __ _ \ \ \ \
( ( )\___ | '_ | '_| | '_ \/ _` | \ \ \ \
 \\/  ___)| |_)| | | | | || (_| |  ) ) ) )
  '  |____| .__|_| |_|_| |_\__, | / / / /
 =========|_|==============|___/=/_/_/_/
 :: Spring Boot ::        (v2.1.4.RELEASE)

2019-04-20 21:58:15.940  INFO 33898 --- [           main] q.g.c.n.NotificationApplication          : No active profile set, falling back to default profiles: default
2019-04-20 21:58:16.925  INFO 33898 --- [           main] o.s.cloud.context.scope.GenericScope     : BeanFactory id=d60a3cf5-ed8d-3467-ae43-14ff2fc33e12
2019-04-20 21:58:16.995  INFO 33898 --- [           main] trationDelegate$BeanPostProcessorChecker : Bean 'org.springframework.security.config.annotation.configuration.ObjectPostProcessorConfiguration' of type [org.springframework.security.config.annotation.configuration.ObjectPostProcessorConfiguration$$EnhancerBySpringCGLIB$$8514ef46] is not eligible for getting processed by all BeanPostProcessors (for example: not eligible for auto-proxying)
2019-04-20 21:58:17.001  INFO 33898 --- [           main] trationDelegate$BeanPostProcessorChecker : Bean 'objectPostProcessor' of type [org.springframework.security.config.annotation.configuration.AutowireBeanFactoryObjectPostProcessor] is not eligible for getting processed by all BeanPostProcessors (for example: not eligible for auto-proxying)
2019-04-20 21:58:17.004  INFO 33898 --- [           main] trationDelegate$BeanPostProcessorChecker : Bean 'org.springframework.security.access.expression.method.DefaultMethodSecurityExpressionHandler@18f20260' of type [org.springframework.security.oauth2.provider.expression.OAuth2MethodSecurityExpressionHandler] is not eligible for getting processed by all BeanPostProcessors (for example: not eligible for auto-proxying)
2019-04-20 21:58:17.008  INFO 33898 --- [           main] trationDelegate$BeanPostProcessorChecker : Bean 'org.springframework.security.config.annotation.method.configuration.GlobalMethodSecurityConfiguration' of type [org.springframework.security.config.annotation.method.configuration.GlobalMethodSecurityConfiguration$$EnhancerBySpringCGLIB$$a9e991f8] is not eligible for getting processed by all BeanPostProcessors (for example: not eligible for auto-proxying)
2019-04-20 21:58:17.011  INFO 33898 --- [           main] trationDelegate$BeanPostProcessorChecker : Bean 'methodSecurityMetadataSource' of type [org.springframework.security.access.method.DelegatingMethodSecurityMetadataSource] is not eligible for getting processed by all BeanPostProcessors (for example: not eligible for auto-proxying)
2019-04-20 21:58:17.021  INFO 33898 --- [           main] trationDelegate$BeanPostProcessorChecker : Bean 'org.springframework.cloud.autoconfigure.ConfigurationPropertiesRebinderAutoConfiguration' of type [org.springframework.cloud.autoconfigure.ConfigurationPropertiesRebinderAutoConfiguration$$EnhancerBySpringCGLIB$$8812a09] is not eligible for getting processed by all BeanPostProcessors (for example: not eligible for auto-proxying)
2019-04-20 21:58:17.331  INFO 33898 --- [           main] o.s.b.w.embedded.tomcat.TomcatWebServer  : Tomcat initialized with port(s): 6000 (http)
2019-04-20 21:58:17.359  INFO 33898 --- [           main] o.apache.catalina.core.StandardService   : Starting service [Tomcat]
2019-04-20 21:58:17.359  INFO 33898 --- [           main] org.apache.catalina.core.StandardEngine  : Starting Servlet engine: [Apache Tomcat/9.0.17]
2019-04-20 21:58:17.433  INFO 33898 --- [           main] o.a.c.c.C.[Tomcat].[localhost].[/]       : Initializing Spring embedded WebApplicationContext
2019-04-20 21:58:17.433  INFO 33898 --- [           main] o.s.web.context.ContextLoader            : Root WebApplicationContext: initialization completed in 1476 ms
2019-04-20 21:58:18.096  INFO 33898 --- [           main] .s.s.UserDetailsServiceAutoConfiguration : 

Using generated security password: 462143c6-9b75-4fd1-9078-1fb593331eab

WARNING: An illegal reflective access operation has occurred
WARNING: Illegal reflective access by com.sun.xml.bind.v2.runtime.reflect.opt.Injector (jar:file:/Users/sraj/Documents/demoapp/app/notification/target/notification-1.0-SNAPSHOT.jar!/BOOT-INF/lib/jaxb-impl-2.3.0.1.jar!/) to method java.lang.ClassLoader.defineClass(java.lang.String,byte[],int,int)
WARNING: Please consider reporting this to the maintainers of com.sun.xml.bind.v2.runtime.reflect.opt.Injector
WARNING: Use --illegal-access=warn to enable warnings of further illegal reflective access operations
WARNING: All illegal access operations will be denied in a future release
2019-04-20 21:58:18.323  INFO 33898 --- [           main] o.s.s.web.DefaultSecurityFilterChain     : Creating filter chain: any request, [org.springframework.security.web.context.request.async.WebAsyncManagerIntegrationFilter@48284d0e, org.springframework.security.web.context.SecurityContextPersistenceFilter@9fec931, org.springframework.security.web.header.HeaderWriterFilter@1ad8df52, org.springframework.security.web.authentication.logout.LogoutFilter@acf859d, org.springframework.security.oauth2.provider.authentication.OAuth2AuthenticationProcessingFilter@460510aa, org.springframework.security.web.savedrequest.RequestCacheAwareFilter@3b05a99b, org.springframework.security.web.servletapi.SecurityContextHolderAwareRequestFilter@5ff60a8c, org.springframework.security.web.authentication.AnonymousAuthenticationFilter@557286ad, org.springframework.security.web.session.SessionManagementFilter@26d820eb, org.springframework.security.web.access.ExceptionTranslationFilter@bb9ab64, org.springframework.security.web.access.intercept.FilterSecurityInterceptor@4d2a1da3]
2019-04-20 21:58:18.496  INFO 33898 --- [           main] o.s.s.concurrent.ThreadPoolTaskExecutor  : Initializing ExecutorService 'applicationTaskExecutor'
2019-04-20 21:58:18.812  INFO 33898 --- [           main] o.s.b.a.e.web.EndpointLinksResolver      : Exposing 2 endpoint(s) beneath base path '/actuator'
2019-04-20 21:58:19.001  INFO 33898 --- [           main] o.s.b.w.embedded.tomcat.TomcatWebServer  : Tomcat started on port(s): 6000 (http) with context path ''
2019-04-20 21:58:19.005  INFO 33898 --- [           main] q.g.c.n.NotificationApplication          : Started NotificationApplication in 8.838 seconds (JVM running for 9.276)
2019-04-20 21:59:31.452  INFO 33898 --- [       Thread-5] o.s.s.concurrent.ThreadPoolTaskExecutor  : Shutting down ExecutorService 'applicationTaskExecutor'
2019-04-20 22:06:39.667  INFO 34273 --- [           main] trationDelegate$BeanPostProcessorChecker : Bean 'org.springframework.cloud.autoconfigure.ConfigurationPropertiesRebinderAutoConfiguration' of type [org.springframework.cloud.autoconfigure.ConfigurationPropertiesRebinderAutoConfiguration$$EnhancerBySpringCGLIB$$8812a09] is not eligible for getting processed by all BeanPostProcessors (for example: not eligible for auto-proxying)

  .   ____          _            __ _ _
 /\\ / ___'_ __ _ _(_)_ __  __ _ \ \ \ \
( ( )\___ | '_ | '_| | '_ \/ _` | \ \ \ \
 \\/  ___)| |_)| | | | | || (_| |  ) ) ) )
  '  |____| .__|_| |_|_| |_\__, | / / / /
 =========|_|==============|___/=/_/_/_/
 :: Spring Boot ::        (v2.1.4.RELEASE)

2019-04-20 22:06:39.815  INFO 34273 --- [           main] q.g.c.n.NotificationApplication          : No active profile set, falling back to default profiles: default
2019-04-20 22:06:40.748  INFO 34273 --- [           main] o.s.cloud.context.scope.GenericScope     : BeanFactory id=d60a3cf5-ed8d-3467-ae43-14ff2fc33e12
2019-04-20 22:06:40.817  INFO 34273 --- [           main] trationDelegate$BeanPostProcessorChecker : Bean 'org.springframework.security.config.annotation.configuration.ObjectPostProcessorConfiguration' of type [org.springframework.security.config.annotation.configuration.ObjectPostProcessorConfiguration$$EnhancerBySpringCGLIB$$8514ef46] is not eligible for getting processed by all BeanPostProcessors (for example: not eligible for auto-proxying)
2019-04-20 22:06:40.823  INFO 34273 --- [           main] trationDelegate$BeanPostProcessorChecker : Bean 'objectPostProcessor' of type [org.springframework.security.config.annotation.configuration.AutowireBeanFactoryObjectPostProcessor] is not eligible for getting processed by all BeanPostProcessors (for example: not eligible for auto-proxying)
2019-04-20 22:06:40.826  INFO 34273 --- [           main] trationDelegate$BeanPostProcessorChecker : Bean 'org.springframework.security.access.expression.method.DefaultMethodSecurityExpressionHandler@7a48e6e2' of type [org.springframework.security.oauth2.provider.expression.OAuth2MethodSecurityExpressionHandler] is not eligible for getting processed by all BeanPostProcessors (for example: not eligible for auto-proxying)
2019-04-20 22:06:40.827  INFO 34273 --- [           main] trationDelegate$BeanPostProcessorChecker : Bean 'org.springframework.security.config.annotation.method.configuration.GlobalMethodSecurityConfiguration' of type [org.springframework.security.config.annotation.method.configuration.GlobalMethodSecurityConfiguration$$EnhancerBySpringCGLIB$$a9e991f8] is not eligible for getting processed by all BeanPostProcessors (for example: not eligible for auto-proxying)
2019-04-20 22:06:40.830  INFO 34273 --- [           main] trationDelegate$BeanPostProcessorChecker : Bean 'methodSecurityMetadataSource' of type [org.springframework.security.access.method.DelegatingMethodSecurityMetadataSource] is not eligible for getting processed by all BeanPostProcessors (for example: not eligible for auto-proxying)
2019-04-20 22:06:40.840  INFO 34273 --- [           main] trationDelegate$BeanPostProcessorChecker : Bean 'org.springframework.cloud.autoconfigure.ConfigurationPropertiesRebinderAutoConfiguration' of type [org.springframework.cloud.autoconfigure.ConfigurationPropertiesRebinderAutoConfiguration$$EnhancerBySpringCGLIB$$8812a09] is not eligible for getting processed by all BeanPostProcessors (for example: not eligible for auto-proxying)
2019-04-20 22:06:41.155  INFO 34273 --- [           main] o.s.b.w.embedded.tomcat.TomcatWebServer  : Tomcat initialized with port(s): 6000 (http)
2019-04-20 22:06:41.184  INFO 34273 --- [           main] o.apache.catalina.core.StandardService   : Starting service [Tomcat]
2019-04-20 22:06:41.184  INFO 34273 --- [           main] org.apache.catalina.core.StandardEngine  : Starting Servlet engine: [Apache Tomcat/9.0.17]
2019-04-20 22:06:41.258  INFO 34273 --- [           main] o.a.c.c.C.[Tomcat].[localhost].[/]       : Initializing Spring embedded WebApplicationContext
2019-04-20 22:06:41.258  INFO 34273 --- [           main] o.s.web.context.ContextLoader            : Root WebApplicationContext: initialization completed in 1425 ms
2019-04-20 22:06:41.869  INFO 34273 --- [           main] .s.s.UserDetailsServiceAutoConfiguration : 

Using generated security password: a8100983-cbfa-4b6d-b7c9-d015841f73d2

WARNING: An illegal reflective access operation has occurred
WARNING: Illegal reflective access by com.sun.xml.bind.v2.runtime.reflect.opt.Injector (jar:file:/Users/sraj/Documents/demoapp/app/notification/target/notification-1.0-SNAPSHOT.jar!/BOOT-INF/lib/jaxb-impl-2.3.0.1.jar!/) to method java.lang.ClassLoader.defineClass(java.lang.String,byte[],int,int)
WARNING: Please consider reporting this to the maintainers of com.sun.xml.bind.v2.runtime.reflect.opt.Injector
WARNING: Use --illegal-access=warn to enable warnings of further illegal reflective access operations
WARNING: All illegal access operations will be denied in a future release
2019-04-20 22:06:42.109  INFO 34273 --- [           main] o.s.s.web.DefaultSecurityFilterChain     : Creating filter chain: any request, [org.springframework.security.web.context.request.async.WebAsyncManagerIntegrationFilter@74075134, org.springframework.security.web.context.SecurityContextPersistenceFilter@2c43eb8, org.springframework.security.web.header.HeaderWriterFilter@1f6d27cc, org.springframework.security.web.authentication.logout.LogoutFilter@4a05d8ae, org.springframework.security.oauth2.provider.authentication.OAuth2AuthenticationProcessingFilter@5109e8cf, org.springframework.security.web.savedrequest.RequestCacheAwareFilter@49293b43, org.springframework.security.web.servletapi.SecurityContextHolderAwareRequestFilter@67440de6, org.springframework.security.web.authentication.AnonymousAuthenticationFilter@7e4d2287, org.springframework.security.web.session.SessionManagementFilter@5cbd159f, org.springframework.security.web.access.ExceptionTranslationFilter@45d6ef73, org.springframework.security.web.access.intercept.FilterSecurityInterceptor@48284d0e]
2019-04-20 22:06:42.282  INFO 34273 --- [           main] o.s.s.concurrent.ThreadPoolTaskExecutor  : Initializing ExecutorService 'applicationTaskExecutor'
2019-04-20 22:06:42.586  INFO 34273 --- [           main] o.s.b.a.e.web.EndpointLinksResolver      : Exposing 2 endpoint(s) beneath base path '/actuator'
2019-04-20 22:06:42.754  INFO 34273 --- [           main] o.s.b.w.embedded.tomcat.TomcatWebServer  : Tomcat started on port(s): 6000 (http) with context path ''
2019-04-20 22:06:42.758  INFO 34273 --- [           main] q.g.c.n.NotificationApplication          : Started NotificationApplication in 8.73 seconds (JVM running for 9.135)
2019-04-20 22:06:51.415  INFO 34273 --- [       Thread-5] o.s.s.concurrent.ThreadPoolTaskExecutor  : Shutting down ExecutorService 'applicationTaskExecutor'
