@2019-Mar-29 02:56:22.230 WARN  [HikariPool-3 housekeeper] c.z.h.p.HikariPool - HikariPool-3 - Thread starvation or clock leap detected (housekeeper delta=3h15s65ms).
@2019-Mar-29 04:56:29.354 WARN  [HikariPool-3 housekeeper] c.z.h.p.HikariPool - HikariPool-3 - Thread starvation or clock leap detected (housekeeper delta=2h6s343ms).
@2019-Mar-29 06:10:55.304 WARN  [HikariPool-3 housekeeper] c.z.h.p.HikariPool - HikariPool-3 - Thread starvation or clock leap detected (housekeeper delta=1h14m26s734ms).
@2019-Mar-29 17:49:26.410 INFO  [Thread-87] o.s.s.c.ThreadPoolTaskExecutor - Shutting down ExecutorService 'applicationTaskExecutor'
@2019-Mar-29 17:49:26.466 INFO  [Thread-87] o.s.o.j.LocalContainerEntityManagerFactoryBean - Closing JPA EntityManagerFactory for persistence unit 'default'
@2019-Mar-29 17:49:26.555 INFO  [Thread-87] c.z.h.HikariDataSource - HikariPool-3 - Shutdown initiated...
@2019-Mar-29 17:49:26.634 INFO  [Thread-87] c.z.h.HikariDataSource - HikariPool-3 - Shutdown completed.
@2019-Mar-29 17:49:34.754 INFO  [restartedMain] o.s.c.s.PostProcessorRegistrationDelegate$BeanPostProcessorChecker - Bean 'org.springframework.cloud.autoconfigure.ConfigurationPropertiesRebinderAutoConfiguration' of type [org.springframework.cloud.autoconfigure.ConfigurationPropertiesRebinderAutoConfiguration$$EnhancerBySpringCGLIB$$161bec0d] is not eligible for getting processed by all BeanPostProcessors (for example: not eligible for auto-proxying)
@2019-Mar-29 17:49:39.826 INFO  [restartedMain] q.g.c.a.AuthenticationApplication - No active profile set, falling back to default profiles: default
@2019-Mar-29 17:49:41.799 INFO  [restartedMain] o.s.d.r.c.RepositoryConfigurationDelegate - Bootstrapping Spring Data repositories in DEFAULT mode.
@2019-Mar-29 17:49:41.857 INFO  [restartedMain] o.s.d.r.c.RepositoryConfigurationDelegate - Finished Spring Data repository scanning in 58ms. Found 1 repository interfaces.
@2019-Mar-29 17:49:42.127 INFO  [restartedMain] o.s.c.c.s.GenericScope - BeanFactory id=e13ab2e9-bbd5-3472-8a3c-028032c466bc
@2019-Mar-29 17:49:42.256 INFO  [restartedMain] o.s.c.s.PostProcessorRegistrationDelegate$BeanPostProcessorChecker - Bean 'org.springframework.transaction.annotation.ProxyTransactionManagementConfiguration' of type [org.springframework.transaction.annotation.ProxyTransactionManagementConfiguration$$EnhancerBySpringCGLIB$$fa01e910] is not eligible for getting processed by all BeanPostProcessors (for example: not eligible for auto-proxying)
@2019-Mar-29 17:49:42.286 INFO  [restartedMain] o.s.c.s.PostProcessorRegistrationDelegate$BeanPostProcessorChecker - Bean 'org.springframework.security.config.annotation.configuration.ObjectPostProcessorConfiguration' of type [org.springframework.security.config.annotation.configuration.ObjectPostProcessorConfiguration$$EnhancerBySpringCGLIB$$92afb14a] is not eligible for getting processed by all BeanPostProcessors (for example: not eligible for auto-proxying)
@2019-Mar-29 17:49:42.297 INFO  [restartedMain] o.s.c.s.PostProcessorRegistrationDelegate$BeanPostProcessorChecker - Bean 'objectPostProcessor' of type [org.springframework.security.config.annotation.configuration.AutowireBeanFactoryObjectPostProcessor] is not eligible for getting processed by all BeanPostProcessors (for example: not eligible for auto-proxying)
@2019-Mar-29 17:49:42.305 INFO  [restartedMain] o.s.c.s.PostProcessorRegistrationDelegate$BeanPostProcessorChecker - Bean 'org.springframework.security.access.expression.method.DefaultMethodSecurityExpressionHandler@340b0bd0' of type [org.springframework.security.oauth2.provider.expression.OAuth2MethodSecurityExpressionHandler] is not eligible for getting processed by all BeanPostProcessors (for example: not eligible for auto-proxying)
@2019-Mar-29 17:49:42.306 INFO  [restartedMain] o.s.c.s.PostProcessorRegistrationDelegate$BeanPostProcessorChecker - Bean 'org.springframework.security.config.annotation.method.configuration.GlobalMethodSecurityConfiguration' of type [org.springframework.security.config.annotation.method.configuration.GlobalMethodSecurityConfiguration$$EnhancerBySpringCGLIB$$b78453fc] is not eligible for getting processed by all BeanPostProcessors (for example: not eligible for auto-proxying)
@2019-Mar-29 17:49:42.320 INFO  [restartedMain] o.s.c.s.PostProcessorRegistrationDelegate$BeanPostProcessorChecker - Bean 'methodSecurityMetadataSource' of type [org.springframework.security.access.method.DelegatingMethodSecurityMetadataSource] is not eligible for getting processed by all BeanPostProcessors (for example: not eligible for auto-proxying)
@2019-Mar-29 17:49:42.337 INFO  [restartedMain] o.s.c.s.PostProcessorRegistrationDelegate$BeanPostProcessorChecker - Bean 'org.springframework.cloud.autoconfigure.ConfigurationPropertiesRebinderAutoConfiguration' of type [org.springframework.cloud.autoconfigure.ConfigurationPropertiesRebinderAutoConfiguration$$EnhancerBySpringCGLIB$$161bec0d] is not eligible for getting processed by all BeanPostProcessors (for example: not eligible for auto-proxying)
@2019-Mar-29 17:49:42.356 INFO  [restartedMain] o.s.c.s.PostProcessorRegistrationDelegate$BeanPostProcessorChecker - Bean 'org.springframework.cloud.sleuth.instrument.web.client.TraceWebClientAutoConfiguration$TraceOAuthConfiguration' of type [org.springframework.cloud.sleuth.instrument.web.client.TraceWebClientAutoConfiguration$TraceOAuthConfiguration$$EnhancerBySpringCGLIB$$3efe7b6f] is not eligible for getting processed by all BeanPostProcessors (for example: not eligible for auto-proxying)
@2019-Mar-29 17:49:43.303 INFO  [restartedMain] o.s.b.w.e.t.TomcatWebServer - Tomcat initialized with port(s): 9001 (http)
@2019-Mar-29 17:49:43.308 INFO  [restartedMain] o.a.c.c.StandardService - Starting service [Tomcat]
@2019-Mar-29 17:49:43.308 INFO  [restartedMain] o.a.c.c.StandardEngine - Starting Servlet engine: [Apache Tomcat/9.0.16]
@2019-Mar-29 17:49:43.331 INFO  [restartedMain] o.a.c.c.C.[.[.[/] - Initializing Spring embedded WebApplicationContext
@2019-Mar-29 17:49:44.804 INFO  [restartedMain] c.z.h.HikariDataSource - HikariPool-4 - Starting...
@2019-Mar-29 17:49:49.950 INFO  [restartedMain] c.z.h.HikariDataSource - HikariPool-4 - Start completed.
@2019-Mar-29 17:49:50.131 INFO  [restartedMain] o.s.o.j.LocalContainerEntityManagerFactoryBean - Initialized JPA EntityManagerFactory for persistence unit 'default'
@2019-Mar-29 17:49:50.920 INFO  [restartedMain] o.s.s.c.ThreadPoolTaskExecutor - Initializing ExecutorService 'applicationTaskExecutor'
@2019-Mar-29 17:49:50.961 WARN  [restartedMain] o.s.b.a.o.j.JpaBaseConfiguration$JpaWebConfiguration$JpaWebMvcConfiguration - spring.jpa.open-in-view is enabled by default. Therefore, database queries may be performed during view rendering. Explicitly configure spring.jpa.open-in-view to disable this warning
@2019-Mar-29 17:49:51.474 INFO  [restartedMain] o.s.s.w.DefaultSecurityFilterChain - Creating filter chain: OrRequestMatcher [requestMatchers=[Ant [pattern='/oauth/token'], Ant [pattern='/oauth/token_key'], Ant [pattern='/oauth/check_token']]], [org.springframework.security.web.context.request.async.WebAsyncManagerIntegrationFilter@5d155e15, org.springframework.security.web.context.SecurityContextPersistenceFilter@5e7a5805, org.springframework.security.web.header.HeaderWriterFilter@53607106, org.springframework.security.web.authentication.logout.LogoutFilter@212fcea0, org.springframework.security.web.authentication.www.BasicAuthenticationFilter@1dea03e8, org.springframework.security.web.savedrequest.RequestCacheAwareFilter@35c0ddb, org.springframework.security.web.servletapi.SecurityContextHolderAwareRequestFilter@45fc71a6, org.springframework.security.web.authentication.AnonymousAuthenticationFilter@2ea3d294, org.springframework.security.web.session.SessionManagementFilter@7b8615e, org.springframework.security.web.access.ExceptionTranslationFilter@638c867, org.springframework.security.web.access.intercept.FilterSecurityInterceptor@60c0fa9e]
@2019-Mar-29 17:49:51.531 INFO  [restartedMain] o.s.s.w.DefaultSecurityFilterChain - Creating filter chain: org.springframework.security.oauth2.config.annotation.web.configuration.ResourceServerConfiguration$NotOAuthRequestMatcher@a56d7f7, [org.springframework.security.web.context.request.async.WebAsyncManagerIntegrationFilter@5b464abf, org.springframework.security.web.context.SecurityContextPersistenceFilter@28ca422e, org.springframework.security.web.header.HeaderWriterFilter@28ee5d7, org.springframework.security.web.authentication.logout.LogoutFilter@29662696, org.springframework.security.oauth2.provider.authentication.OAuth2AuthenticationProcessingFilter@4d1c32ac, org.springframework.security.web.savedrequest.RequestCacheAwareFilter@77484d25, org.springframework.security.web.servletapi.SecurityContextHolderAwareRequestFilter@21dbe46, org.springframework.security.web.authentication.AnonymousAuthenticationFilter@26b3ab6f, org.springframework.security.web.session.SessionManagementFilter@1bd600cb, org.springframework.security.web.access.ExceptionTranslationFilter@4023ffc5, org.springframework.security.web.access.intercept.FilterSecurityInterceptor@5bb0e2cd]
@2019-Mar-29 17:49:51.548 INFO  [restartedMain] o.s.s.w.DefaultSecurityFilterChain - Creating filter chain: any request, [org.springframework.security.web.context.request.async.WebAsyncManagerIntegrationFilter@15e62921, org.springframework.security.web.context.SecurityContextPersistenceFilter@5df1386a, org.springframework.security.web.header.HeaderWriterFilter@26bd0d0f, org.springframework.security.web.authentication.logout.LogoutFilter@7d6c82e5, org.springframework.security.web.authentication.www.BasicAuthenticationFilter@5c85241b, org.springframework.security.web.savedrequest.RequestCacheAwareFilter@29c73277, org.springframework.security.web.servletapi.SecurityContextHolderAwareRequestFilter@675c9735, org.springframework.security.web.authentication.AnonymousAuthenticationFilter@69bfe741, org.springframework.security.web.session.SessionManagementFilter@2d36f388, org.springframework.security.web.access.ExceptionTranslationFilter@1e5d43e0, org.springframework.security.web.access.intercept.FilterSecurityInterceptor@234a07af]
@2019-Mar-29 17:49:51.891 INFO  [restartedMain] o.s.b.a.e.w.EndpointLinksResolver - Exposing 2 endpoint(s) beneath base path '/actuator'
@2019-Mar-29 17:49:51.996 WARN  [restartedMain] o.s.b.d.a.OptionalLiveReloadServer - Unable to start LiveReload server
@2019-Mar-29 17:49:52.191 INFO  [restartedMain] o.s.b.w.e.t.TomcatWebServer - Tomcat started on port(s): 9001 (http) with context path ''
@2019-Mar-29 17:49:52.192 INFO  [restartedMain] q.g.c.a.AuthenticationApplication - Started AuthenticationApplication in 22.626 seconds (JVM running for 57054.248)
@2019-Mar-29 17:49:52.196 INFO  [restartedMain] o.s.b.d.a.ConditionEvaluationDeltaLoggingListener - Condition evaluation unchanged
@2019-Mar-29 17:50:08.510 INFO  [Thread-107] o.s.s.c.ThreadPoolTaskExecutor - Shutting down ExecutorService 'applicationTaskExecutor'
@2019-Mar-29 17:50:08.512 INFO  [Thread-107] o.s.o.j.LocalContainerEntityManagerFactoryBean - Closing JPA EntityManagerFactory for persistence unit 'default'
@2019-Mar-29 17:50:08.513 INFO  [Thread-107] c.z.h.HikariDataSource - HikariPool-4 - Shutdown initiated...
@2019-Mar-29 17:50:10.470 INFO  [Thread-107] c.z.h.HikariDataSource - HikariPool-4 - Shutdown completed.
@2019-Mar-29 17:50:16.337 INFO  [restartedMain] o.s.c.s.PostProcessorRegistrationDelegate$BeanPostProcessorChecker - Bean 'org.springframework.cloud.autoconfigure.ConfigurationPropertiesRebinderAutoConfiguration' of type [org.springframework.cloud.autoconfigure.ConfigurationPropertiesRebinderAutoConfiguration$$EnhancerBySpringCGLIB$$161bec0d] is not eligible for getting processed by all BeanPostProcessors (for example: not eligible for auto-proxying)
@2019-Mar-29 17:50:21.430 INFO  [restartedMain] q.g.c.a.AuthenticationApplication - No active profile set, falling back to default profiles: default
@2019-Mar-29 17:50:21.800 INFO  [restartedMain] o.s.d.r.c.RepositoryConfigurationDelegate - Bootstrapping Spring Data repositories in DEFAULT mode.
@2019-Mar-29 17:50:21.808 INFO  [restartedMain] o.s.d.r.c.RepositoryConfigurationDelegate - Finished Spring Data repository scanning in 7ms. Found 1 repository interfaces.
@2019-Mar-29 17:50:21.866 INFO  [restartedMain] o.s.c.c.s.GenericScope - BeanFactory id=e13ab2e9-bbd5-3472-8a3c-028032c466bc
@2019-Mar-29 17:50:21.903 INFO  [restartedMain] o.s.c.s.PostProcessorRegistrationDelegate$BeanPostProcessorChecker - Bean 'org.springframework.transaction.annotation.ProxyTransactionManagementConfiguration' of type [org.springframework.transaction.annotation.ProxyTransactionManagementConfiguration$$EnhancerBySpringCGLIB$$fa01e910] is not eligible for getting processed by all BeanPostProcessors (for example: not eligible for auto-proxying)
@2019-Mar-29 17:50:21.911 INFO  [restartedMain] o.s.c.s.PostProcessorRegistrationDelegate$BeanPostProcessorChecker - Bean 'org.springframework.security.config.annotation.configuration.ObjectPostProcessorConfiguration' of type [org.springframework.security.config.annotation.configuration.ObjectPostProcessorConfiguration$$EnhancerBySpringCGLIB$$92afb14a] is not eligible for getting processed by all BeanPostProcessors (for example: not eligible for auto-proxying)
@2019-Mar-29 17:50:21.914 INFO  [restartedMain] o.s.c.s.PostProcessorRegistrationDelegate$BeanPostProcessorChecker - Bean 'objectPostProcessor' of type [org.springframework.security.config.annotation.configuration.AutowireBeanFactoryObjectPostProcessor] is not eligible for getting processed by all BeanPostProcessors (for example: not eligible for auto-proxying)
@2019-Mar-29 17:50:21.917 INFO  [restartedMain] o.s.c.s.PostProcessorRegistrationDelegate$BeanPostProcessorChecker - Bean 'org.springframework.security.access.expression.method.DefaultMethodSecurityExpressionHandler@142b8c40' of type [org.springframework.security.oauth2.provider.expression.OAuth2MethodSecurityExpressionHandler] is not eligible for getting processed by all BeanPostProcessors (for example: not eligible for auto-proxying)
@2019-Mar-29 17:50:21.917 INFO  [restartedMain] o.s.c.s.PostProcessorRegistrationDelegate$BeanPostProcessorChecker - Bean 'org.springframework.security.config.annotation.method.configuration.GlobalMethodSecurityConfiguration' of type [org.springframework.security.config.annotation.method.configuration.GlobalMethodSecurityConfiguration$$EnhancerBySpringCGLIB$$b78453fc] is not eligible for getting processed by all BeanPostProcessors (for example: not eligible for auto-proxying)
@2019-Mar-29 17:50:21.920 INFO  [restartedMain] o.s.c.s.PostProcessorRegistrationDelegate$BeanPostProcessorChecker - Bean 'methodSecurityMetadataSource' of type [org.springframework.security.access.method.DelegatingMethodSecurityMetadataSource] is not eligible for getting processed by all BeanPostProcessors (for example: not eligible for auto-proxying)
@2019-Mar-29 17:50:21.923 INFO  [restartedMain] o.s.c.s.PostProcessorRegistrationDelegate$BeanPostProcessorChecker - Bean 'org.springframework.cloud.autoconfigure.ConfigurationPropertiesRebinderAutoConfiguration' of type [org.springframework.cloud.autoconfigure.ConfigurationPropertiesRebinderAutoConfiguration$$EnhancerBySpringCGLIB$$161bec0d] is not eligible for getting processed by all BeanPostProcessors (for example: not eligible for auto-proxying)
@2019-Mar-29 17:50:21.927 INFO  [restartedMain] o.s.c.s.PostProcessorRegistrationDelegate$BeanPostProcessorChecker - Bean 'org.springframework.cloud.sleuth.instrument.web.client.TraceWebClientAutoConfiguration$TraceOAuthConfiguration' of type [org.springframework.cloud.sleuth.instrument.web.client.TraceWebClientAutoConfiguration$TraceOAuthConfiguration$$EnhancerBySpringCGLIB$$3efe7b6f] is not eligible for getting processed by all BeanPostProcessors (for example: not eligible for auto-proxying)
@2019-Mar-29 17:50:22.089 INFO  [restartedMain] o.s.b.w.e.t.TomcatWebServer - Tomcat initialized with port(s): 9001 (http)
@2019-Mar-29 17:50:22.091 INFO  [restartedMain] o.a.c.c.StandardService - Starting service [Tomcat]
@2019-Mar-29 17:50:22.091 INFO  [restartedMain] o.a.c.c.StandardEngine - Starting Servlet engine: [Apache Tomcat/9.0.16]
@2019-Mar-29 17:50:22.097 INFO  [restartedMain] o.a.c.c.C.[.[.[/] - Initializing Spring embedded WebApplicationContext
@2019-Mar-29 17:50:23.392 INFO  [restartedMain] c.z.h.HikariDataSource - HikariPool-5 - Starting...
@2019-Mar-29 17:50:28.485 INFO  [restartedMain] c.z.h.HikariDataSource - HikariPool-5 - Start completed.
@2019-Mar-29 17:50:28.577 INFO  [restartedMain] o.s.o.j.LocalContainerEntityManagerFactoryBean - Initialized JPA EntityManagerFactory for persistence unit 'default'
@2019-Mar-29 17:50:29.232 INFO  [restartedMain] o.s.s.c.ThreadPoolTaskExecutor - Initializing ExecutorService 'applicationTaskExecutor'
@2019-Mar-29 17:50:29.263 WARN  [restartedMain] o.s.b.a.o.j.JpaBaseConfiguration$JpaWebConfiguration$JpaWebMvcConfiguration - spring.jpa.open-in-view is enabled by default. Therefore, database queries may be performed during view rendering. Explicitly configure spring.jpa.open-in-view to disable this warning
@2019-Mar-29 17:50:29.595 INFO  [restartedMain] o.s.s.w.DefaultSecurityFilterChain - Creating filter chain: OrRequestMatcher [requestMatchers=[Ant [pattern='/oauth/token'], Ant [pattern='/oauth/token_key'], Ant [pattern='/oauth/check_token']]], [org.springframework.security.web.context.request.async.WebAsyncManagerIntegrationFilter@22ef4f9, org.springframework.security.web.context.SecurityContextPersistenceFilter@5f9901d4, org.springframework.security.web.header.HeaderWriterFilter@3592e1c3, org.springframework.security.web.authentication.logout.LogoutFilter@9ecb88, org.springframework.security.web.authentication.www.BasicAuthenticationFilter@7aa9419f, org.springframework.security.web.savedrequest.RequestCacheAwareFilter@1b2e74eb, org.springframework.security.web.servletapi.SecurityContextHolderAwareRequestFilter@25d09ab6, org.springframework.security.web.authentication.AnonymousAuthenticationFilter@7110cd38, org.springframework.security.web.session.SessionManagementFilter@8d72989, org.springframework.security.web.access.ExceptionTranslationFilter@5ec494d7, org.springframework.security.web.access.intercept.FilterSecurityInterceptor@5f266c5c]
@2019-Mar-29 17:50:29.607 INFO  [restartedMain] o.s.s.w.DefaultSecurityFilterChain - Creating filter chain: org.springframework.security.oauth2.config.annotation.web.configuration.ResourceServerConfiguration$NotOAuthRequestMatcher@75ee65be, [org.springframework.security.web.context.request.async.WebAsyncManagerIntegrationFilter@6d8a3216, org.springframework.security.web.context.SecurityContextPersistenceFilter@4844fda2, org.springframework.security.web.header.HeaderWriterFilter@3d236fc7, org.springframework.security.web.authentication.logout.LogoutFilter@14cace, org.springframework.security.oauth2.provider.authentication.OAuth2AuthenticationProcessingFilter@466c7435, org.springframework.security.web.savedrequest.RequestCacheAwareFilter@1cb0d671, org.springframework.security.web.servletapi.SecurityContextHolderAwareRequestFilter@3acbcf77, org.springframework.security.web.authentication.AnonymousAuthenticationFilter@6f8df41a, org.springframework.security.web.session.SessionManagementFilter@7419cf97, org.springframework.security.web.access.ExceptionTranslationFilter@6276cad9, org.springframework.security.web.access.intercept.FilterSecurityInterceptor@57474879]
@2019-Mar-29 17:50:29.614 INFO  [restartedMain] o.s.s.w.DefaultSecurityFilterChain - Creating filter chain: any request, [org.springframework.security.web.context.request.async.WebAsyncManagerIntegrationFilter@16fda487, org.springframework.security.web.context.SecurityContextPersistenceFilter@4ed37867, org.springframework.security.web.header.HeaderWriterFilter@7c441384, org.springframework.security.web.authentication.logout.LogoutFilter@7d67a78a, org.springframework.security.web.authentication.www.BasicAuthenticationFilter@2cd0040c, org.springframework.security.web.savedrequest.RequestCacheAwareFilter@16c6a036, org.springframework.security.web.servletapi.SecurityContextHolderAwareRequestFilter@4ac24959, org.springframework.security.web.authentication.AnonymousAuthenticationFilter@741d9ef1, org.springframework.security.web.session.SessionManagementFilter@5f3d15ee, org.springframework.security.web.access.ExceptionTranslationFilter@11693487, org.springframework.security.web.access.intercept.FilterSecurityInterceptor@130d948c]
@2019-Mar-29 17:50:29.680 INFO  [restartedMain] o.s.b.a.e.w.EndpointLinksResolver - Exposing 2 endpoint(s) beneath base path '/actuator'
@2019-Mar-29 17:50:29.769 WARN  [restartedMain] o.s.b.d.a.OptionalLiveReloadServer - Unable to start LiveReload server
@2019-Mar-29 17:50:29.933 INFO  [restartedMain] o.s.b.w.e.t.TomcatWebServer - Tomcat started on port(s): 9001 (http) with context path ''
@2019-Mar-29 17:50:29.934 INFO  [restartedMain] q.g.c.a.AuthenticationApplication - Started AuthenticationApplication in 18.676 seconds (JVM running for 57091.989)
@2019-Mar-29 17:50:29.938 INFO  [restartedMain] o.s.b.d.a.ConditionEvaluationDeltaLoggingListener - Condition evaluation unchanged
@2019-Mar-29 17:51:03.970 INFO  [Thread-130] o.s.s.c.ThreadPoolTaskExecutor - Shutting down ExecutorService 'applicationTaskExecutor'
@2019-Mar-29 17:51:03.976 INFO  [Thread-130] o.s.o.j.LocalContainerEntityManagerFactoryBean - Closing JPA EntityManagerFactory for persistence unit 'default'
@2019-Mar-29 17:51:03.980 INFO  [Thread-130] c.z.h.HikariDataSource - HikariPool-5 - Shutdown initiated...
@2019-Mar-29 17:51:04.315 INFO  [Thread-130] c.z.h.HikariDataSource - HikariPool-5 - Shutdown completed.
