@2019-Apr-08 01:32:12.240 WARN  [HikariPool-1 housekeeper] c.z.h.p.HikariPool - HikariPool-1 - Thread starvation or clock leap detected (housekeeper delta=4h25s689ms).
@2019-Apr-08 03:32:31.091 WARN  [HikariPool-1 housekeeper] c.z.h.p.HikariPool - HikariPool-1 - Thread starvation or clock leap detected (housekeeper delta=2h18s794ms).
@2019-Apr-08 05:33:00.501 WARN  [HikariPool-1 housekeeper] c.z.h.p.HikariPool - HikariPool-1 - Thread starvation or clock leap detected (housekeeper delta=2h29s500ms).
@2019-Apr-08 06:00:55.382 WARN  [HikariPool-1 housekeeper] c.z.h.p.HikariPool - HikariPool-1 - Thread starvation or clock leap detected (housekeeper delta=27m54s873ms).
@2019-Apr-08 06:05:58.594 WARN  [HikariPool-1 housekeeper] c.z.h.p.HikariPool - HikariPool-1 - Thread starvation or clock leap detected (housekeeper delta=5m3s221ms).
@2019-Apr-08 06:28:46.145 WARN  [HikariPool-1 housekeeper] c.z.h.p.HikariPool - HikariPool-1 - Thread starvation or clock leap detected (housekeeper delta=22m17s546ms).
@2019-Apr-08 06:31:34.186 WARN  [HikariPool-1 housekeeper] c.z.h.p.HikariPool - HikariPool-1 - Thread starvation or clock leap detected (housekeeper delta=2m48s41ms).
@2019-Apr-08 06:32:51.612 WARN  [HikariPool-1 housekeeper] c.z.h.p.HikariPool - HikariPool-1 - Thread starvation or clock leap detected (housekeeper delta=1m17s426ms).
@2019-Apr-08 06:33:57.176 WARN  [HikariPool-1 housekeeper] c.z.h.p.HikariPool - HikariPool-1 - Thread starvation or clock leap detected (housekeeper delta=1m5s564ms).
@2019-Apr-08 10:46:45.465 WARN  [HikariPool-1 housekeeper] c.z.h.p.HikariPool - HikariPool-1 - Thread starvation or clock leap detected (housekeeper delta=4m16s773ms).
@2019-Apr-08 11:48:27.982 WARN  [HikariPool-1 housekeeper] c.z.h.p.HikariPool - HikariPool-1 - Thread starvation or clock leap detected (housekeeper delta=3m12s216ms).
@2019-Apr-08 11:59:15.230 WARN  [HikariPool-1 housekeeper] c.z.h.p.HikariPool - HikariPool-1 - Thread starvation or clock leap detected (housekeeper delta=2m47s206ms).
@2019-Apr-08 12:14:39.521 WARN  [HikariPool-1 housekeeper] c.z.h.p.HikariPool - HikariPool-1 - Thread starvation or clock leap detected (housekeeper delta=2m24s236ms).
@2019-Apr-08 13:00:51.503 WARN  [HikariPool-1 housekeeper] c.z.h.p.HikariPool - HikariPool-1 - Thread starvation or clock leap detected (housekeeper delta=23m11s905ms).
@2019-Apr-08 13:21:28.200 WARN  [HikariPool-1 housekeeper] c.z.h.p.HikariPool - HikariPool-1 - Thread starvation or clock leap detected (housekeeper delta=4m6s602ms).
@2019-Apr-08 13:45:00.598 WARN  [HikariPool-1 housekeeper] c.z.h.p.HikariPool - HikariPool-1 - Thread starvation or clock leap detected (housekeeper delta=2m2s297ms).
@2019-Apr-08 16:52:17.675 WARN  [HikariPool-1 housekeeper] c.z.h.p.HikariPool - HikariPool-1 - Thread starvation or clock leap detected (housekeeper delta=3h7m17s76ms).
@2019-Apr-08 17:03:44.338 WARN  [HikariPool-1 housekeeper] c.z.h.p.HikariPool - HikariPool-1 - Thread starvation or clock leap detected (housekeeper delta=11m26s664ms).
@2019-Apr-08 20:22:35.807 INFO  [Thread-94] o.s.s.c.ThreadPoolTaskExecutor - Shutting down ExecutorService 'applicationTaskExecutor'
@2019-Apr-08 20:22:35.866 INFO  [Thread-94] o.c.b.e.jobexecutor - ENGINE-14015 Shutting down the JobExecutor[org.camunda.bpm.engine.spring.components.jobexecutor.SpringJobExecutor]
@2019-Apr-08 20:22:35.867 INFO  [JobExecutor[org.camunda.bpm.engine.spring.components.jobexecutor.SpringJobExecutor]] o.c.b.e.jobexecutor - ENGINE-14020 JobExecutor[org.camunda.bpm.engine.spring.components.jobexecutor.SpringJobExecutor] stopped job acquisition
@2019-Apr-08 20:22:35.930 INFO  [Thread-94] o.c.bpm.engine - ENGINE-00007 Process Engine default closed
@2019-Apr-08 20:22:35.931 INFO  [Thread-94] o.s.s.c.ThreadPoolTaskExecutor - Shutting down ExecutorService 'camundaTaskExecutor'
@2019-Apr-08 20:22:35.932 INFO  [Thread-94] o.s.o.j.LocalContainerEntityManagerFactoryBean - Closing JPA EntityManagerFactory for persistence unit 'default'
@2019-Apr-08 20:22:36.010 INFO  [Thread-94] c.z.h.HikariDataSource - HikariPool-1 - Shutdown initiated...
@2019-Apr-08 20:22:36.043 INFO  [Thread-94] c.z.h.HikariDataSource - HikariPool-1 - Shutdown completed.
