@2019-Mar-27 07:06:18.209 INFO  [restartedMain] o.s.b.d.e.DevToolsPropertyDefaultsPostProcessor - Devtools property defaults active! Set 'spring.devtools.add-properties' to 'false' to disable
@2019-Mar-27 07:06:18.640 INFO  [restartedMain] o.s.c.s.PostProcessorRegistrationDelegate$BeanPostProcessorChecker - Bean 'org.springframework.cloud.autoconfigure.ConfigurationPropertiesRebinderAutoConfiguration' of type [org.springframework.cloud.autoconfigure.ConfigurationPropertiesRebinderAutoConfiguration$$EnhancerBySpringCGLIB$$a15a574] is not eligible for getting processed by all BeanPostProcessors (for example: not eligible for auto-proxying)
@2019-Mar-27 07:06:23.858 INFO  [restartedMain] q.g.c.a.AuthenticationApplication - No active profile set, falling back to default profiles: default
@2019-Mar-27 07:06:25.271 INFO  [restartedMain] o.s.d.r.c.RepositoryConfigurationDelegate - Bootstrapping Spring Data repositories in DEFAULT mode.
@2019-Mar-27 07:06:25.365 INFO  [restartedMain] o.s.d.r.c.RepositoryConfigurationDelegate - Finished Spring Data repository scanning in 81ms. Found 1 repository interfaces.
@2019-Mar-27 07:06:25.952 INFO  [restartedMain] o.s.c.c.s.GenericScope - BeanFactory id=1923f0dd-47a1-3a1c-9a33-6dc633f8f623
@2019-Mar-27 07:06:26.371 INFO  [restartedMain] o.s.c.s.PostProcessorRegistrationDelegate$BeanPostProcessorChecker - Bean 'org.springframework.transaction.annotation.ProxyTransactionManagementConfiguration' of type [org.springframework.transaction.annotation.ProxyTransactionManagementConfiguration$$EnhancerBySpringCGLIB$$edfba277] is not eligible for getting processed by all BeanPostProcessors (for example: not eligible for auto-proxying)
@2019-Mar-27 07:06:26.429 INFO  [restartedMain] o.s.c.s.PostProcessorRegistrationDelegate$BeanPostProcessorChecker - Bean 'org.springframework.cloud.autoconfigure.ConfigurationPropertiesRebinderAutoConfiguration' of type [org.springframework.cloud.autoconfigure.ConfigurationPropertiesRebinderAutoConfiguration$$EnhancerBySpringCGLIB$$a15a574] is not eligible for getting processed by all BeanPostProcessors (for example: not eligible for auto-proxying)
@2019-Mar-27 07:06:26.440 INFO  [restartedMain] o.s.c.s.PostProcessorRegistrationDelegate$BeanPostProcessorChecker - Bean 'org.springframework.cloud.sleuth.instrument.web.client.TraceWebClientAutoConfiguration$TraceOAuthConfiguration' of type [org.springframework.cloud.sleuth.instrument.web.client.TraceWebClientAutoConfiguration$TraceOAuthConfiguration$$EnhancerBySpringCGLIB$$32f834d6] is not eligible for getting processed by all BeanPostProcessors (for example: not eligible for auto-proxying)
@2019-Mar-27 07:06:27.203 INFO  [restartedMain] o.s.b.w.e.t.TomcatWebServer - Tomcat initialized with port(s): 9001 (http)
@2019-Mar-27 07:06:27.234 INFO  [restartedMain] o.a.c.c.StandardService - Starting service [Tomcat]
@2019-Mar-27 07:06:27.235 INFO  [restartedMain] o.a.c.c.StandardEngine - Starting Servlet engine: [Apache Tomcat/9.0.16]
@2019-Mar-27 07:06:27.250 INFO  [restartedMain] o.a.c.c.AprLifecycleListener - The APR based Apache Tomcat Native library which allows optimal performance in production environments was not found on the java.library.path: [/Users/sraj/Library/Java/Extensions:/Library/Java/Extensions:/Network/Library/Java/Extensions:/System/Library/Java/Extensions:/usr/lib/java:.]
@2019-Mar-27 07:06:27.412 INFO  [restartedMain] o.a.c.c.C.[.[.[/] - Initializing Spring embedded WebApplicationContext
@2019-Mar-27 07:06:28.987 INFO  [restartedMain] c.z.h.HikariDataSource - HikariPool-1 - Starting...
@2019-Mar-27 07:06:34.419 INFO  [restartedMain] c.z.h.HikariDataSource - HikariPool-1 - Start completed.
@2019-Mar-27 07:06:36.505 INFO  [restartedMain] o.s.o.j.LocalContainerEntityManagerFactoryBean - Initialized JPA EntityManagerFactory for persistence unit 'default'
@2019-Mar-27 07:06:38.218 INFO  [restartedMain] o.s.s.c.ThreadPoolTaskExecutor - Initializing ExecutorService 'applicationTaskExecutor'
@2019-Mar-27 07:06:38.323 WARN  [restartedMain] o.s.b.a.o.j.JpaBaseConfiguration$JpaWebConfiguration$JpaWebMvcConfiguration - spring.jpa.open-in-view is enabled by default. Therefore, database queries may be performed during view rendering. Explicitly configure spring.jpa.open-in-view to disable this warning
@2019-Mar-27 07:06:39.265 INFO  [restartedMain] o.s.s.w.DefaultSecurityFilterChain - Creating filter chain: OrRequestMatcher [requestMatchers=[Ant [pattern='/oauth/token'], Ant [pattern='/oauth/token_key'], Ant [pattern='/oauth/check_token']]], [org.springframework.security.web.context.request.async.WebAsyncManagerIntegrationFilter@37977bd1, org.springframework.security.web.context.SecurityContextPersistenceFilter@11baa1c7, org.springframework.security.web.header.HeaderWriterFilter@4a1cc874, org.springframework.security.web.authentication.logout.LogoutFilter@72fa7370, org.springframework.security.web.authentication.www.BasicAuthenticationFilter@6bc5fdff, org.springframework.security.web.savedrequest.RequestCacheAwareFilter@6ea86d62, org.springframework.security.web.servletapi.SecurityContextHolderAwareRequestFilter@4ed8f09a, org.springframework.security.web.authentication.AnonymousAuthenticationFilter@2d7f9fd1, org.springframework.security.web.session.SessionManagementFilter@4e43d9f0, org.springframework.security.web.access.ExceptionTranslationFilter@694cd392, org.springframework.security.web.access.intercept.FilterSecurityInterceptor@407c4409]
@2019-Mar-27 07:06:39.273 INFO  [restartedMain] o.s.s.w.DefaultSecurityFilterChain - Creating filter chain: any request, [org.springframework.security.web.context.request.async.WebAsyncManagerIntegrationFilter@48ec2178, org.springframework.security.web.context.SecurityContextPersistenceFilter@261a0f33, org.springframework.security.web.header.HeaderWriterFilter@5fe9ca77, org.springframework.security.web.authentication.logout.LogoutFilter@59a1826d, org.springframework.security.web.authentication.www.BasicAuthenticationFilter@39cf5458, org.springframework.security.web.savedrequest.RequestCacheAwareFilter@6fd1d260, org.springframework.security.web.servletapi.SecurityContextHolderAwareRequestFilter@7efa079f, org.springframework.security.web.authentication.AnonymousAuthenticationFilter@56cd87fe, org.springframework.security.web.session.SessionManagementFilter@528eae5b, org.springframework.security.web.access.ExceptionTranslationFilter@d18834b, org.springframework.security.web.access.intercept.FilterSecurityInterceptor@35188c83]
@2019-Mar-27 07:06:39.377 INFO  [restartedMain] o.s.b.a.e.w.EndpointLinksResolver - Exposing 2 endpoint(s) beneath base path '/actuator'
@2019-Mar-27 07:06:39.526 WARN  [restartedMain] o.s.b.d.a.OptionalLiveReloadServer - Unable to start LiveReload server
@2019-Mar-27 07:06:39.982 INFO  [restartedMain] o.s.b.w.e.t.TomcatWebServer - Tomcat started on port(s): 9001 (http) with context path ''
@2019-Mar-27 07:06:39.986 INFO  [restartedMain] q.g.c.a.AuthenticationApplication - Started AuthenticationApplication in 32.339 seconds (JVM running for 33.316)
@2019-Mar-27 07:06:43.057 INFO  [RMI TCP Connection(2)-10.64.3.12] o.a.c.c.C.[.[.[/] - Initializing Spring DispatcherServlet 'dispatcherServlet'
@2019-Mar-27 07:08:04.525 INFO  [http-nio-9001-exec-1] o.a.t.u.h.Parameters - Invalid chunk starting at byte [60] and ending at byte [61] with a value of [=] ignored
 Note: further occurrences of Parameter errors will be logged at DEBUG level.
@2019-Mar-27 07:09:30.812 INFO  [restartedMain] o.s.b.d.e.DevToolsPropertyDefaultsPostProcessor - Devtools property defaults active! Set 'spring.devtools.add-properties' to 'false' to disable
@2019-Mar-27 07:09:31.046 INFO  [restartedMain] o.s.c.s.PostProcessorRegistrationDelegate$BeanPostProcessorChecker - Bean 'org.springframework.cloud.autoconfigure.ConfigurationPropertiesRebinderAutoConfiguration' of type [org.springframework.cloud.autoconfigure.ConfigurationPropertiesRebinderAutoConfiguration$$EnhancerBySpringCGLIB$$b539debf] is not eligible for getting processed by all BeanPostProcessors (for example: not eligible for auto-proxying)
@2019-Mar-27 07:09:40.642 INFO  [restartedMain] q.g.c.a.AuthenticationApplication - No active profile set, falling back to default profiles: default
@2019-Mar-27 07:09:41.547 INFO  [restartedMain] o.s.d.r.c.RepositoryConfigurationDelegate - Bootstrapping Spring Data repositories in DEFAULT mode.
@2019-Mar-27 07:09:41.606 INFO  [restartedMain] o.s.d.r.c.RepositoryConfigurationDelegate - Finished Spring Data repository scanning in 53ms. Found 1 repository interfaces.
@2019-Mar-27 07:09:42.148 INFO  [restartedMain] o.s.c.c.s.GenericScope - BeanFactory id=1923f0dd-47a1-3a1c-9a33-6dc633f8f623
@2019-Mar-27 07:09:42.435 INFO  [restartedMain] o.s.c.s.PostProcessorRegistrationDelegate$BeanPostProcessorChecker - Bean 'org.springframework.transaction.annotation.ProxyTransactionManagementConfiguration' of type [org.springframework.transaction.annotation.ProxyTransactionManagementConfiguration$$EnhancerBySpringCGLIB$$991fdbc2] is not eligible for getting processed by all BeanPostProcessors (for example: not eligible for auto-proxying)
@2019-Mar-27 07:09:42.476 INFO  [restartedMain] o.s.c.s.PostProcessorRegistrationDelegate$BeanPostProcessorChecker - Bean 'org.springframework.cloud.autoconfigure.ConfigurationPropertiesRebinderAutoConfiguration' of type [org.springframework.cloud.autoconfigure.ConfigurationPropertiesRebinderAutoConfiguration$$EnhancerBySpringCGLIB$$b539debf] is not eligible for getting processed by all BeanPostProcessors (for example: not eligible for auto-proxying)
@2019-Mar-27 07:09:42.485 INFO  [restartedMain] o.s.c.s.PostProcessorRegistrationDelegate$BeanPostProcessorChecker - Bean 'org.springframework.cloud.sleuth.instrument.web.client.TraceWebClientAutoConfiguration$TraceOAuthConfiguration' of type [org.springframework.cloud.sleuth.instrument.web.client.TraceWebClientAutoConfiguration$TraceOAuthConfiguration$$EnhancerBySpringCGLIB$$de1c6e21] is not eligible for getting processed by all BeanPostProcessors (for example: not eligible for auto-proxying)
@2019-Mar-27 07:09:43.108 INFO  [restartedMain] o.s.b.w.e.t.TomcatWebServer - Tomcat initialized with port(s): 9001 (http)
@2019-Mar-27 07:09:43.135 INFO  [restartedMain] o.a.c.c.StandardService - Starting service [Tomcat]
@2019-Mar-27 07:09:43.135 INFO  [restartedMain] o.a.c.c.StandardEngine - Starting Servlet engine: [Apache Tomcat/9.0.16]
@2019-Mar-27 07:09:43.147 INFO  [restartedMain] o.a.c.c.AprLifecycleListener - The APR based Apache Tomcat Native library which allows optimal performance in production environments was not found on the java.library.path: [/Users/sraj/Library/Java/Extensions:/Library/Java/Extensions:/Network/Library/Java/Extensions:/System/Library/Java/Extensions:/usr/lib/java:.]
@2019-Mar-27 07:09:43.257 INFO  [restartedMain] o.a.c.c.C.[.[.[/] - Initializing Spring embedded WebApplicationContext
@2019-Mar-27 07:09:44.466 INFO  [restartedMain] c.z.h.HikariDataSource - HikariPool-1 - Starting...
@2019-Mar-27 07:09:49.786 INFO  [restartedMain] c.z.h.HikariDataSource - HikariPool-1 - Start completed.
@2019-Mar-27 07:09:51.198 INFO  [restartedMain] o.s.o.j.LocalContainerEntityManagerFactoryBean - Initialized JPA EntityManagerFactory for persistence unit 'default'
@2019-Mar-27 07:09:52.425 INFO  [restartedMain] o.s.s.c.ThreadPoolTaskExecutor - Initializing ExecutorService 'applicationTaskExecutor'
@2019-Mar-27 07:09:52.499 WARN  [restartedMain] o.s.b.a.o.j.JpaBaseConfiguration$JpaWebConfiguration$JpaWebMvcConfiguration - spring.jpa.open-in-view is enabled by default. Therefore, database queries may be performed during view rendering. Explicitly configure spring.jpa.open-in-view to disable this warning
@2019-Mar-27 07:09:53.132 INFO  [restartedMain] o.s.s.w.DefaultSecurityFilterChain - Creating filter chain: OrRequestMatcher [requestMatchers=[Ant [pattern='/oauth/token'], Ant [pattern='/oauth/token_key'], Ant [pattern='/oauth/check_token']]], [org.springframework.security.web.context.request.async.WebAsyncManagerIntegrationFilter@7d91101a, org.springframework.security.web.context.SecurityContextPersistenceFilter@5ab67e91, org.springframework.security.web.header.HeaderWriterFilter@4083dd6c, org.springframework.security.web.authentication.logout.LogoutFilter@1ed7106f, org.springframework.security.web.authentication.www.BasicAuthenticationFilter@77b988cf, org.springframework.security.web.savedrequest.RequestCacheAwareFilter@3b1f51c7, org.springframework.security.web.servletapi.SecurityContextHolderAwareRequestFilter@6ae99a99, org.springframework.security.web.authentication.AnonymousAuthenticationFilter@47806831, org.springframework.security.web.session.SessionManagementFilter@69fe22cd, org.springframework.security.web.access.ExceptionTranslationFilter@66d8ec99, org.springframework.security.web.access.intercept.FilterSecurityInterceptor@6d14d589]
@2019-Mar-27 07:09:53.140 INFO  [restartedMain] o.s.s.w.DefaultSecurityFilterChain - Creating filter chain: any request, [org.springframework.security.web.context.request.async.WebAsyncManagerIntegrationFilter@52dd6ac3, org.springframework.security.web.context.SecurityContextPersistenceFilter@7de57bd4, org.springframework.security.web.header.HeaderWriterFilter@59d3d71b, org.springframework.security.web.authentication.logout.LogoutFilter@6e5c5916, org.springframework.security.web.authentication.www.BasicAuthenticationFilter@252cc93a, org.springframework.security.web.savedrequest.RequestCacheAwareFilter@f65d70e, org.springframework.security.web.servletapi.SecurityContextHolderAwareRequestFilter@4849b2f6, org.springframework.security.web.authentication.AnonymousAuthenticationFilter@7ed255be, org.springframework.security.web.session.SessionManagementFilter@76ba1138, org.springframework.security.web.access.ExceptionTranslationFilter@2dbbe937, org.springframework.security.web.access.intercept.FilterSecurityInterceptor@100e68cd]
@2019-Mar-27 07:09:53.227 INFO  [restartedMain] o.s.b.a.e.w.EndpointLinksResolver - Exposing 2 endpoint(s) beneath base path '/actuator'
@2019-Mar-27 07:09:53.347 WARN  [restartedMain] o.s.b.d.a.OptionalLiveReloadServer - Unable to start LiveReload server
@2019-Mar-27 07:09:53.651 INFO  [restartedMain] o.s.b.w.e.t.TomcatWebServer - Tomcat started on port(s): 9001 (http) with context path ''
@2019-Mar-27 07:09:53.654 INFO  [restartedMain] q.g.c.a.AuthenticationApplication - Started AuthenticationApplication in 28.332 seconds (JVM running for 28.825)
@2019-Mar-27 07:09:56.826 INFO  [RMI TCP Connection(1)-10.64.3.12] o.a.c.c.C.[.[.[/] - Initializing Spring DispatcherServlet 'dispatcherServlet'
@2019-Mar-27 07:10:01.022 INFO  [http-nio-9001-exec-1] o.a.t.u.h.Parameters - Invalid chunk starting at byte [60] and ending at byte [61] with a value of [=] ignored
 Note: further occurrences of Parameter errors will be logged at DEBUG level.
@2019-Mar-27 07:10:01.798 WARN  [http-nio-9001-exec-1] o.s.s.o.p.e.TokenEndpoint - Handling error: InvalidScopeException, Empty scope (either the client or the user is not allowed the requested scopes)
@2019-Mar-27 07:27:54.909 WARN  [http-nio-9001-exec-2] o.s.s.o.p.e.TokenEndpoint - Handling error: InvalidScopeException, Empty scope (either the client or the user is not allowed the requested scopes)
@2019-Mar-27 07:30:05.251 INFO  [Thread-16] o.s.s.c.ThreadPoolTaskExecutor - Shutting down ExecutorService 'applicationTaskExecutor'
@2019-Mar-27 07:30:05.258 INFO  [Thread-16] o.s.o.j.LocalContainerEntityManagerFactoryBean - Closing JPA EntityManagerFactory for persistence unit 'default'
@2019-Mar-27 07:30:05.287 INFO  [Thread-16] c.z.h.HikariDataSource - HikariPool-1 - Shutdown initiated...
@2019-Mar-27 07:30:05.312 INFO  [Thread-16] c.z.h.HikariDataSource - HikariPool-1 - Shutdown completed.
@2019-Mar-27 07:30:22.683 INFO  [restartedMain] o.s.b.d.e.DevToolsPropertyDefaultsPostProcessor - Devtools property defaults active! Set 'spring.devtools.add-properties' to 'false' to disable
@2019-Mar-27 07:30:22.918 INFO  [restartedMain] o.s.c.s.PostProcessorRegistrationDelegate$BeanPostProcessorChecker - Bean 'org.springframework.cloud.autoconfigure.ConfigurationPropertiesRebinderAutoConfiguration' of type [org.springframework.cloud.autoconfigure.ConfigurationPropertiesRebinderAutoConfiguration$$EnhancerBySpringCGLIB$$e15e3650] is not eligible for getting processed by all BeanPostProcessors (for example: not eligible for auto-proxying)
@2019-Mar-27 07:30:32.512 INFO  [restartedMain] q.g.c.a.AuthenticationApplication - No active profile set, falling back to default profiles: default
@2019-Mar-27 07:30:33.419 INFO  [restartedMain] o.s.d.r.c.RepositoryConfigurationDelegate - Bootstrapping Spring Data repositories in DEFAULT mode.
@2019-Mar-27 07:30:33.476 INFO  [restartedMain] o.s.d.r.c.RepositoryConfigurationDelegate - Finished Spring Data repository scanning in 51ms. Found 1 repository interfaces.
@2019-Mar-27 07:30:33.922 INFO  [restartedMain] o.s.c.c.s.GenericScope - BeanFactory id=1923f0dd-47a1-3a1c-9a33-6dc633f8f623
@2019-Mar-27 07:30:34.218 INFO  [restartedMain] o.s.c.s.PostProcessorRegistrationDelegate$BeanPostProcessorChecker - Bean 'org.springframework.transaction.annotation.ProxyTransactionManagementConfiguration' of type [org.springframework.transaction.annotation.ProxyTransactionManagementConfiguration$$EnhancerBySpringCGLIB$$c5443353] is not eligible for getting processed by all BeanPostProcessors (for example: not eligible for auto-proxying)
@2019-Mar-27 07:30:34.269 INFO  [restartedMain] o.s.c.s.PostProcessorRegistrationDelegate$BeanPostProcessorChecker - Bean 'org.springframework.cloud.autoconfigure.ConfigurationPropertiesRebinderAutoConfiguration' of type [org.springframework.cloud.autoconfigure.ConfigurationPropertiesRebinderAutoConfiguration$$EnhancerBySpringCGLIB$$e15e3650] is not eligible for getting processed by all BeanPostProcessors (for example: not eligible for auto-proxying)
@2019-Mar-27 07:30:34.281 INFO  [restartedMain] o.s.c.s.PostProcessorRegistrationDelegate$BeanPostProcessorChecker - Bean 'org.springframework.cloud.sleuth.instrument.web.client.TraceWebClientAutoConfiguration$TraceOAuthConfiguration' of type [org.springframework.cloud.sleuth.instrument.web.client.TraceWebClientAutoConfiguration$TraceOAuthConfiguration$$EnhancerBySpringCGLIB$$a40c5b2] is not eligible for getting processed by all BeanPostProcessors (for example: not eligible for auto-proxying)
@2019-Mar-27 07:30:35.079 INFO  [restartedMain] o.s.b.w.e.t.TomcatWebServer - Tomcat initialized with port(s): 9001 (http)
@2019-Mar-27 07:30:35.106 INFO  [restartedMain] o.a.c.c.StandardService - Starting service [Tomcat]
@2019-Mar-27 07:30:35.106 INFO  [restartedMain] o.a.c.c.StandardEngine - Starting Servlet engine: [Apache Tomcat/9.0.16]
@2019-Mar-27 07:30:35.118 INFO  [restartedMain] o.a.c.c.AprLifecycleListener - The APR based Apache Tomcat Native library which allows optimal performance in production environments was not found on the java.library.path: [/Users/sraj/Library/Java/Extensions:/Library/Java/Extensions:/Network/Library/Java/Extensions:/System/Library/Java/Extensions:/usr/lib/java:.]
@2019-Mar-27 07:30:35.228 INFO  [restartedMain] o.a.c.c.C.[.[.[/] - Initializing Spring embedded WebApplicationContext
@2019-Mar-27 07:30:36.411 INFO  [restartedMain] c.z.h.HikariDataSource - HikariPool-1 - Starting...
@2019-Mar-27 07:30:41.722 INFO  [restartedMain] c.z.h.HikariDataSource - HikariPool-1 - Start completed.
@2019-Mar-27 07:30:43.167 INFO  [restartedMain] o.s.o.j.LocalContainerEntityManagerFactoryBean - Initialized JPA EntityManagerFactory for persistence unit 'default'
@2019-Mar-27 07:30:44.382 INFO  [restartedMain] o.s.s.c.ThreadPoolTaskExecutor - Initializing ExecutorService 'applicationTaskExecutor'
@2019-Mar-27 07:30:44.457 WARN  [restartedMain] o.s.b.a.o.j.JpaBaseConfiguration$JpaWebConfiguration$JpaWebMvcConfiguration - spring.jpa.open-in-view is enabled by default. Therefore, database queries may be performed during view rendering. Explicitly configure spring.jpa.open-in-view to disable this warning
@2019-Mar-27 07:30:45.102 INFO  [restartedMain] o.s.s.w.DefaultSecurityFilterChain - Creating filter chain: OrRequestMatcher [requestMatchers=[Ant [pattern='/oauth/token'], Ant [pattern='/oauth/token_key'], Ant [pattern='/oauth/check_token']]], [org.springframework.security.web.context.request.async.WebAsyncManagerIntegrationFilter@12f341b9, org.springframework.security.web.context.SecurityContextPersistenceFilter@692aefb5, org.springframework.security.web.header.HeaderWriterFilter@54cb4f31, org.springframework.security.web.authentication.logout.LogoutFilter@352ae939, org.springframework.security.web.authentication.www.BasicAuthenticationFilter@4d4bd74f, org.springframework.security.web.savedrequest.RequestCacheAwareFilter@4119de7a, org.springframework.security.web.servletapi.SecurityContextHolderAwareRequestFilter@baae305, org.springframework.security.web.authentication.AnonymousAuthenticationFilter@64888e5c, org.springframework.security.web.session.SessionManagementFilter@43f47d2b, org.springframework.security.web.access.ExceptionTranslationFilter@f52311a, org.springframework.security.web.access.intercept.FilterSecurityInterceptor@82425c]
@2019-Mar-27 07:30:45.110 INFO  [restartedMain] o.s.s.w.DefaultSecurityFilterChain - Creating filter chain: any request, [org.springframework.security.web.context.request.async.WebAsyncManagerIntegrationFilter@60b0b8de, org.springframework.security.web.context.SecurityContextPersistenceFilter@5643f09e, org.springframework.security.web.header.HeaderWriterFilter@3454270c, org.springframework.security.web.authentication.logout.LogoutFilter@a6c4a91, org.springframework.security.web.authentication.www.BasicAuthenticationFilter@20ed17fa, org.springframework.security.web.savedrequest.RequestCacheAwareFilter@77c7c0b9, org.springframework.security.web.servletapi.SecurityContextHolderAwareRequestFilter@623ee50a, org.springframework.security.web.authentication.AnonymousAuthenticationFilter@28f1b9a1, org.springframework.security.web.session.SessionManagementFilter@69302155, org.springframework.security.web.access.ExceptionTranslationFilter@715a0fe0, org.springframework.security.web.access.intercept.FilterSecurityInterceptor@773a05d3]
@2019-Mar-27 07:30:45.204 INFO  [restartedMain] o.s.b.a.e.w.EndpointLinksResolver - Exposing 2 endpoint(s) beneath base path '/actuator'
@2019-Mar-27 07:30:45.315 WARN  [restartedMain] o.s.b.d.a.OptionalLiveReloadServer - Unable to start LiveReload server
@2019-Mar-27 07:30:45.596 INFO  [restartedMain] o.s.b.w.e.t.TomcatWebServer - Tomcat started on port(s): 9001 (http) with context path ''
@2019-Mar-27 07:30:45.599 INFO  [restartedMain] q.g.c.a.AuthenticationApplication - Started AuthenticationApplication in 28.371 seconds (JVM running for 28.87)
@2019-Mar-27 07:30:47.823 INFO  [RMI TCP Connection(2)-10.64.3.12] o.a.c.c.C.[.[.[/] - Initializing Spring DispatcherServlet 'dispatcherServlet'
@2019-Mar-27 07:31:21.691 INFO  [http-nio-9001-exec-1] o.a.t.u.h.Parameters - Invalid chunk starting at byte [59] and ending at byte [60] with a value of [=] ignored
 Note: further occurrences of Parameter errors will be logged at DEBUG level.
@2019-Mar-27 07:31:22.447 WARN  [http-nio-9001-exec-1] o.s.s.o.p.e.TokenEndpoint - Handling error: InvalidScopeException, Empty scope (either the client or the user is not allowed the requested scopes)
@2019-Mar-27 07:31:41.764 INFO  [Thread-16] o.s.s.c.ThreadPoolTaskExecutor - Shutting down ExecutorService 'applicationTaskExecutor'
@2019-Mar-27 07:31:41.766 INFO  [Thread-16] o.s.o.j.LocalContainerEntityManagerFactoryBean - Closing JPA EntityManagerFactory for persistence unit 'default'
@2019-Mar-27 07:31:41.770 INFO  [Thread-16] c.z.h.HikariDataSource - HikariPool-1 - Shutdown initiated...
@2019-Mar-27 07:31:41.796 INFO  [Thread-16] c.z.h.HikariDataSource - HikariPool-1 - Shutdown completed.
@2019-Mar-27 07:31:54.375 INFO  [restartedMain] o.s.b.d.e.DevToolsPropertyDefaultsPostProcessor - Devtools property defaults active! Set 'spring.devtools.add-properties' to 'false' to disable
@2019-Mar-27 07:31:54.746 INFO  [restartedMain] o.s.c.s.PostProcessorRegistrationDelegate$BeanPostProcessorChecker - Bean 'org.springframework.cloud.autoconfigure.ConfigurationPropertiesRebinderAutoConfiguration' of type [org.springframework.cloud.autoconfigure.ConfigurationPropertiesRebinderAutoConfiguration$$EnhancerBySpringCGLIB$$e2a2d631] is not eligible for getting processed by all BeanPostProcessors (for example: not eligible for auto-proxying)
@2019-Mar-27 07:32:04.173 INFO  [restartedMain] q.g.c.a.AuthenticationApplication - No active profile set, falling back to default profiles: default
@2019-Mar-27 07:32:05.643 INFO  [restartedMain] o.s.d.r.c.RepositoryConfigurationDelegate - Bootstrapping Spring Data repositories in DEFAULT mode.
@2019-Mar-27 07:32:05.725 INFO  [restartedMain] o.s.d.r.c.RepositoryConfigurationDelegate - Finished Spring Data repository scanning in 73ms. Found 1 repository interfaces.
@2019-Mar-27 07:32:16.348 INFO  [restartedMain] o.s.c.c.s.GenericScope - BeanFactory id=1923f0dd-47a1-3a1c-9a33-6dc633f8f623
@2019-Mar-27 07:32:16.743 INFO  [restartedMain] o.s.c.s.PostProcessorRegistrationDelegate$BeanPostProcessorChecker - Bean 'org.springframework.transaction.annotation.ProxyTransactionManagementConfiguration' of type [org.springframework.transaction.annotation.ProxyTransactionManagementConfiguration$$EnhancerBySpringCGLIB$$c688d334] is not eligible for getting processed by all BeanPostProcessors (for example: not eligible for auto-proxying)
@2019-Mar-27 07:32:16.803 INFO  [restartedMain] o.s.c.s.PostProcessorRegistrationDelegate$BeanPostProcessorChecker - Bean 'org.springframework.cloud.autoconfigure.ConfigurationPropertiesRebinderAutoConfiguration' of type [org.springframework.cloud.autoconfigure.ConfigurationPropertiesRebinderAutoConfiguration$$EnhancerBySpringCGLIB$$e2a2d631] is not eligible for getting processed by all BeanPostProcessors (for example: not eligible for auto-proxying)
@2019-Mar-27 07:32:16.817 INFO  [restartedMain] o.s.c.s.PostProcessorRegistrationDelegate$BeanPostProcessorChecker - Bean 'org.springframework.cloud.sleuth.instrument.web.client.TraceWebClientAutoConfiguration$TraceOAuthConfiguration' of type [org.springframework.cloud.sleuth.instrument.web.client.TraceWebClientAutoConfiguration$TraceOAuthConfiguration$$EnhancerBySpringCGLIB$$b856593] is not eligible for getting processed by all BeanPostProcessors (for example: not eligible for auto-proxying)
@2019-Mar-27 07:32:17.590 INFO  [restartedMain] o.s.b.w.e.t.TomcatWebServer - Tomcat initialized with port(s): 9001 (http)
@2019-Mar-27 07:32:17.618 INFO  [restartedMain] o.a.c.c.StandardService - Starting service [Tomcat]
@2019-Mar-27 07:32:17.618 INFO  [restartedMain] o.a.c.c.StandardEngine - Starting Servlet engine: [Apache Tomcat/9.0.16]
@2019-Mar-27 07:32:17.633 INFO  [restartedMain] o.a.c.c.AprLifecycleListener - The APR based Apache Tomcat Native library which allows optimal performance in production environments was not found on the java.library.path: [/Users/sraj/Library/Java/Extensions:/Library/Java/Extensions:/Network/Library/Java/Extensions:/System/Library/Java/Extensions:/usr/lib/java:.]
@2019-Mar-27 07:32:17.782 INFO  [restartedMain] o.a.c.c.C.[.[.[/] - Initializing Spring embedded WebApplicationContext
@2019-Mar-27 07:32:19.262 INFO  [restartedMain] c.z.h.HikariDataSource - HikariPool-1 - Starting...
@2019-Mar-27 07:32:24.621 INFO  [restartedMain] c.z.h.HikariDataSource - HikariPool-1 - Start completed.
@2019-Mar-27 07:32:26.614 INFO  [restartedMain] o.s.o.j.LocalContainerEntityManagerFactoryBean - Initialized JPA EntityManagerFactory for persistence unit 'default'
@2019-Mar-27 07:32:35.808 INFO  [restartedMain] o.s.s.c.ThreadPoolTaskExecutor - Initializing ExecutorService 'applicationTaskExecutor'
@2019-Mar-27 07:32:35.920 WARN  [restartedMain] o.s.b.a.o.j.JpaBaseConfiguration$JpaWebConfiguration$JpaWebMvcConfiguration - spring.jpa.open-in-view is enabled by default. Therefore, database queries may be performed during view rendering. Explicitly configure spring.jpa.open-in-view to disable this warning
@2019-Mar-27 07:32:45.024 INFO  [restartedMain] o.s.s.w.DefaultSecurityFilterChain - Creating filter chain: OrRequestMatcher [requestMatchers=[Ant [pattern='/oauth/token'], Ant [pattern='/oauth/token_key'], Ant [pattern='/oauth/check_token']]], [org.springframework.security.web.context.request.async.WebAsyncManagerIntegrationFilter@58f81b48, org.springframework.security.web.context.SecurityContextPersistenceFilter@391553a2, org.springframework.security.web.header.HeaderWriterFilter@5a53cb00, org.springframework.security.web.authentication.logout.LogoutFilter@31a3b44, org.springframework.security.web.authentication.www.BasicAuthenticationFilter@29e3b488, org.springframework.security.web.savedrequest.RequestCacheAwareFilter@6791ba6d, org.springframework.security.web.servletapi.SecurityContextHolderAwareRequestFilter@12c23778, org.springframework.security.web.authentication.AnonymousAuthenticationFilter@70bba901, org.springframework.security.web.session.SessionManagementFilter@2871437a, org.springframework.security.web.access.ExceptionTranslationFilter@1426f1e7, org.springframework.security.web.access.intercept.FilterSecurityInterceptor@185891c1]
@2019-Mar-27 07:32:45.028 INFO  [restartedMain] o.s.s.w.DefaultSecurityFilterChain - Creating filter chain: any request, [org.springframework.security.web.context.request.async.WebAsyncManagerIntegrationFilter@6558a06c, org.springframework.security.web.context.SecurityContextPersistenceFilter@6413cca0, org.springframework.security.web.header.HeaderWriterFilter@3cdc7c1b, org.springframework.security.web.authentication.logout.LogoutFilter@2346d5e4, org.springframework.security.web.authentication.www.BasicAuthenticationFilter@516369b, org.springframework.security.web.savedrequest.RequestCacheAwareFilter@5a31a024, org.springframework.security.web.servletapi.SecurityContextHolderAwareRequestFilter@5d223dd, org.springframework.security.web.authentication.AnonymousAuthenticationFilter@51acca5f, org.springframework.security.web.session.SessionManagementFilter@5547cc7, org.springframework.security.web.access.ExceptionTranslationFilter@67fb2cfa, org.springframework.security.web.access.intercept.FilterSecurityInterceptor@f09c9f1]
@2019-Mar-27 07:32:45.164 INFO  [restartedMain] o.s.b.a.e.w.EndpointLinksResolver - Exposing 2 endpoint(s) beneath base path '/actuator'
@2019-Mar-27 07:32:45.374 WARN  [restartedMain] o.s.b.d.a.OptionalLiveReloadServer - Unable to start LiveReload server
@2019-Mar-27 07:32:45.401 INFO  [RMI TCP Connection(2)-10.64.3.12] o.a.c.c.C.[.[.[/] - Initializing Spring DispatcherServlet 'dispatcherServlet'
@2019-Mar-27 07:32:45.782 INFO  [restartedMain] o.s.b.w.e.t.TomcatWebServer - Tomcat started on port(s): 9001 (http) with context path ''
@2019-Mar-27 07:32:45.787 INFO  [restartedMain] q.g.c.a.AuthenticationApplication - Started AuthenticationApplication in 57.054 seconds (JVM running for 57.935)
@2019-Mar-27 07:32:50.818 INFO  [http-nio-9001-exec-1] o.a.t.u.h.Parameters - Invalid chunk starting at byte [59] and ending at byte [60] with a value of [=] ignored
 Note: further occurrences of Parameter errors will be logged at DEBUG level.
@2019-Mar-27 07:34:14.434 INFO  [Thread-1] o.s.s.c.ThreadPoolTaskExecutor - Shutting down ExecutorService 'applicationTaskExecutor'
@2019-Mar-27 07:34:14.437 INFO  [Thread-1] o.s.o.j.LocalContainerEntityManagerFactoryBean - Closing JPA EntityManagerFactory for persistence unit 'default'
@2019-Mar-27 07:34:14.444 INFO  [Thread-1] c.z.h.HikariDataSource - HikariPool-1 - Shutdown initiated...
@2019-Mar-27 07:34:14.479 INFO  [Thread-1] c.z.h.HikariDataSource - HikariPool-1 - Shutdown completed.
@2019-Mar-27 07:34:30.350 INFO  [restartedMain] o.s.b.d.e.DevToolsPropertyDefaultsPostProcessor - Devtools property defaults active! Set 'spring.devtools.add-properties' to 'false' to disable
@2019-Mar-27 07:34:30.583 INFO  [restartedMain] o.s.c.s.PostProcessorRegistrationDelegate$BeanPostProcessorChecker - Bean 'org.springframework.cloud.autoconfigure.ConfigurationPropertiesRebinderAutoConfiguration' of type [org.springframework.cloud.autoconfigure.ConfigurationPropertiesRebinderAutoConfiguration$$EnhancerBySpringCGLIB$$4f5792bd] is not eligible for getting processed by all BeanPostProcessors (for example: not eligible for auto-proxying)
@2019-Mar-27 07:34:40.188 INFO  [restartedMain] q.g.c.a.AuthenticationApplication - No active profile set, falling back to default profiles: default
@2019-Mar-27 07:34:41.050 INFO  [restartedMain] o.s.d.r.c.RepositoryConfigurationDelegate - Bootstrapping Spring Data repositories in DEFAULT mode.
@2019-Mar-27 07:34:41.105 INFO  [restartedMain] o.s.d.r.c.RepositoryConfigurationDelegate - Finished Spring Data repository scanning in 48ms. Found 1 repository interfaces.
@2019-Mar-27 07:34:41.528 INFO  [restartedMain] o.s.c.c.s.GenericScope - BeanFactory id=1923f0dd-47a1-3a1c-9a33-6dc633f8f623
@2019-Mar-27 07:34:41.806 INFO  [restartedMain] o.s.c.s.PostProcessorRegistrationDelegate$BeanPostProcessorChecker - Bean 'org.springframework.transaction.annotation.ProxyTransactionManagementConfiguration' of type [org.springframework.transaction.annotation.ProxyTransactionManagementConfiguration$$EnhancerBySpringCGLIB$$333d8fc0] is not eligible for getting processed by all BeanPostProcessors (for example: not eligible for auto-proxying)
@2019-Mar-27 07:34:41.844 INFO  [restartedMain] o.s.c.s.PostProcessorRegistrationDelegate$BeanPostProcessorChecker - Bean 'org.springframework.cloud.autoconfigure.ConfigurationPropertiesRebinderAutoConfiguration' of type [org.springframework.cloud.autoconfigure.ConfigurationPropertiesRebinderAutoConfiguration$$EnhancerBySpringCGLIB$$4f5792bd] is not eligible for getting processed by all BeanPostProcessors (for example: not eligible for auto-proxying)
@2019-Mar-27 07:34:41.852 INFO  [restartedMain] o.s.c.s.PostProcessorRegistrationDelegate$BeanPostProcessorChecker - Bean 'org.springframework.cloud.sleuth.instrument.web.client.TraceWebClientAutoConfiguration$TraceOAuthConfiguration' of type [org.springframework.cloud.sleuth.instrument.web.client.TraceWebClientAutoConfiguration$TraceOAuthConfiguration$$EnhancerBySpringCGLIB$$783a221f] is not eligible for getting processed by all BeanPostProcessors (for example: not eligible for auto-proxying)
@2019-Mar-27 07:34:42.489 INFO  [restartedMain] o.s.b.w.e.t.TomcatWebServer - Tomcat initialized with port(s): 9001 (http)
@2019-Mar-27 07:34:42.517 INFO  [restartedMain] o.a.c.c.StandardService - Starting service [Tomcat]
@2019-Mar-27 07:34:42.517 INFO  [restartedMain] o.a.c.c.StandardEngine - Starting Servlet engine: [Apache Tomcat/9.0.16]
@2019-Mar-27 07:34:42.529 INFO  [restartedMain] o.a.c.c.AprLifecycleListener - The APR based Apache Tomcat Native library which allows optimal performance in production environments was not found on the java.library.path: [/Users/sraj/Library/Java/Extensions:/Library/Java/Extensions:/Network/Library/Java/Extensions:/System/Library/Java/Extensions:/usr/lib/java:.]
@2019-Mar-27 07:34:42.642 INFO  [restartedMain] o.a.c.c.C.[.[.[/] - Initializing Spring embedded WebApplicationContext
@2019-Mar-27 07:34:43.831 INFO  [restartedMain] c.z.h.HikariDataSource - HikariPool-1 - Starting...
@2019-Mar-27 07:34:49.236 INFO  [restartedMain] c.z.h.HikariDataSource - HikariPool-1 - Start completed.
@2019-Mar-27 07:34:50.714 INFO  [restartedMain] o.s.o.j.LocalContainerEntityManagerFactoryBean - Initialized JPA EntityManagerFactory for persistence unit 'default'
@2019-Mar-27 07:34:52.259 INFO  [restartedMain] o.s.s.c.ThreadPoolTaskExecutor - Initializing ExecutorService 'applicationTaskExecutor'
@2019-Mar-27 07:34:52.334 WARN  [restartedMain] o.s.b.a.o.j.JpaBaseConfiguration$JpaWebConfiguration$JpaWebMvcConfiguration - spring.jpa.open-in-view is enabled by default. Therefore, database queries may be performed during view rendering. Explicitly configure spring.jpa.open-in-view to disable this warning
@2019-Mar-27 07:34:52.957 INFO  [restartedMain] o.s.s.w.DefaultSecurityFilterChain - Creating filter chain: OrRequestMatcher [requestMatchers=[Ant [pattern='/oauth/token'], Ant [pattern='/oauth/token_key'], Ant [pattern='/oauth/check_token']]], [org.springframework.security.web.context.request.async.WebAsyncManagerIntegrationFilter@52dd6ac3, org.springframework.security.web.context.SecurityContextPersistenceFilter@77fb8599, org.springframework.security.web.header.HeaderWriterFilter@2ac8839a, org.springframework.security.web.authentication.logout.LogoutFilter@593bbf57, org.springframework.security.web.authentication.www.BasicAuthenticationFilter@76ba1138, org.springframework.security.web.savedrequest.RequestCacheAwareFilter@2565f3b4, org.springframework.security.web.servletapi.SecurityContextHolderAwareRequestFilter@5791d170, org.springframework.security.web.authentication.AnonymousAuthenticationFilter@7ed255be, org.springframework.security.web.session.SessionManagementFilter@54e9b6e8, org.springframework.security.web.access.ExceptionTranslationFilter@2b35cbf, org.springframework.security.web.access.intercept.FilterSecurityInterceptor@9d5d9e4]
@2019-Mar-27 07:34:52.968 INFO  [restartedMain] o.s.s.w.DefaultSecurityFilterChain - Creating filter chain: any request, [org.springframework.security.web.context.request.async.WebAsyncManagerIntegrationFilter@1fbaa6c0, org.springframework.security.web.context.SecurityContextPersistenceFilter@a3230ab, org.springframework.security.web.header.HeaderWriterFilter@35e9e718, org.springframework.security.web.authentication.logout.LogoutFilter@480be05e, org.springframework.security.web.authentication.www.BasicAuthenticationFilter@663e8a00, org.springframework.security.web.savedrequest.RequestCacheAwareFilter@6bdfbf25, org.springframework.security.web.servletapi.SecurityContextHolderAwareRequestFilter@2f1e31de, org.springframework.security.web.authentication.AnonymousAuthenticationFilter@4a11273c, org.springframework.security.web.session.SessionManagementFilter@47841ed5, org.springframework.security.web.access.ExceptionTranslationFilter@5980e3ea, org.springframework.security.web.access.intercept.FilterSecurityInterceptor@c47ced2]
@2019-Mar-27 07:34:53.059 INFO  [restartedMain] o.s.b.a.e.w.EndpointLinksResolver - Exposing 2 endpoint(s) beneath base path '/actuator'
@2019-Mar-27 07:34:53.184 WARN  [restartedMain] o.s.b.d.a.OptionalLiveReloadServer - Unable to start LiveReload server
@2019-Mar-27 07:34:53.470 INFO  [restartedMain] o.s.b.w.e.t.TomcatWebServer - Tomcat started on port(s): 9001 (http) with context path ''
@2019-Mar-27 07:34:53.473 INFO  [restartedMain] q.g.c.a.AuthenticationApplication - Started AuthenticationApplication in 28.551 seconds (JVM running for 29.015)
@2019-Mar-27 07:34:55.473 INFO  [RMI TCP Connection(1)-10.64.3.12] o.a.c.c.C.[.[.[/] - Initializing Spring DispatcherServlet 'dispatcherServlet'
@2019-Mar-27 07:35:03.890 INFO  [http-nio-9001-exec-1] o.a.t.u.h.Parameters - Invalid chunk starting at byte [59] and ending at byte [60] with a value of [=] ignored
 Note: further occurrences of Parameter errors will be logged at DEBUG level.
@2019-Mar-27 07:35:04.640 WARN  [http-nio-9001-exec-1] o.s.s.o.p.e.TokenEndpoint - Handling error: InvalidScopeException, Empty scope (either the client or the user is not allowed the requested scopes)
@2019-Mar-27 07:35:06.960 WARN  [http-nio-9001-exec-2] o.s.s.o.p.e.TokenEndpoint - Handling error: InvalidScopeException, Empty scope (either the client or the user is not allowed the requested scopes)
@2019-Mar-27 07:35:08.201 WARN  [http-nio-9001-exec-3] o.s.s.o.p.e.TokenEndpoint - Handling error: InvalidScopeException, Empty scope (either the client or the user is not allowed the requested scopes)
@2019-Mar-27 07:35:54.763 INFO  [Thread-16] o.s.s.c.ThreadPoolTaskExecutor - Shutting down ExecutorService 'applicationTaskExecutor'
@2019-Mar-27 07:35:54.764 INFO  [Thread-16] o.s.o.j.LocalContainerEntityManagerFactoryBean - Closing JPA EntityManagerFactory for persistence unit 'default'
@2019-Mar-27 07:35:54.768 INFO  [Thread-16] c.z.h.HikariDataSource - HikariPool-1 - Shutdown initiated...
@2019-Mar-27 07:35:54.794 INFO  [Thread-16] c.z.h.HikariDataSource - HikariPool-1 - Shutdown completed.
@2019-Mar-27 07:36:11.644 INFO  [restartedMain] o.s.b.d.e.DevToolsPropertyDefaultsPostProcessor - Devtools property defaults active! Set 'spring.devtools.add-properties' to 'false' to disable
@2019-Mar-27 07:36:12.079 INFO  [restartedMain] o.s.c.s.PostProcessorRegistrationDelegate$BeanPostProcessorChecker - Bean 'org.springframework.cloud.autoconfigure.ConfigurationPropertiesRebinderAutoConfiguration' of type [org.springframework.cloud.autoconfigure.ConfigurationPropertiesRebinderAutoConfiguration$$EnhancerBySpringCGLIB$$17c83a4c] is not eligible for getting processed by all BeanPostProcessors (for example: not eligible for auto-proxying)
@2019-Mar-27 07:36:17.292 INFO  [restartedMain] q.g.c.a.AuthenticationApplication - No active profile set, falling back to default profiles: default
@2019-Mar-27 07:36:18.768 INFO  [restartedMain] o.s.d.r.c.RepositoryConfigurationDelegate - Bootstrapping Spring Data repositories in DEFAULT mode.
@2019-Mar-27 07:36:18.853 INFO  [restartedMain] o.s.d.r.c.RepositoryConfigurationDelegate - Finished Spring Data repository scanning in 76ms. Found 1 repository interfaces.
@2019-Mar-27 07:36:19.594 INFO  [restartedMain] o.s.c.c.s.GenericScope - BeanFactory id=1923f0dd-47a1-3a1c-9a33-6dc633f8f623
@2019-Mar-27 07:36:20.054 INFO  [restartedMain] o.s.c.s.PostProcessorRegistrationDelegate$BeanPostProcessorChecker - Bean 'org.springframework.transaction.annotation.ProxyTransactionManagementConfiguration' of type [org.springframework.transaction.annotation.ProxyTransactionManagementConfiguration$$EnhancerBySpringCGLIB$$fbae374f] is not eligible for getting processed by all BeanPostProcessors (for example: not eligible for auto-proxying)
@2019-Mar-27 07:36:20.112 INFO  [restartedMain] o.s.c.s.PostProcessorRegistrationDelegate$BeanPostProcessorChecker - Bean 'org.springframework.cloud.autoconfigure.ConfigurationPropertiesRebinderAutoConfiguration' of type [org.springframework.cloud.autoconfigure.ConfigurationPropertiesRebinderAutoConfiguration$$EnhancerBySpringCGLIB$$17c83a4c] is not eligible for getting processed by all BeanPostProcessors (for example: not eligible for auto-proxying)
@2019-Mar-27 07:36:20.124 INFO  [restartedMain] o.s.c.s.PostProcessorRegistrationDelegate$BeanPostProcessorChecker - Bean 'org.springframework.cloud.sleuth.instrument.web.client.TraceWebClientAutoConfiguration$TraceOAuthConfiguration' of type [org.springframework.cloud.sleuth.instrument.web.client.TraceWebClientAutoConfiguration$TraceOAuthConfiguration$$EnhancerBySpringCGLIB$$40aac9ae] is not eligible for getting processed by all BeanPostProcessors (for example: not eligible for auto-proxying)
@2019-Mar-27 07:36:20.996 INFO  [restartedMain] o.s.b.w.e.t.TomcatWebServer - Tomcat initialized with port(s): 9001 (http)
@2019-Mar-27 07:36:21.040 INFO  [restartedMain] o.a.c.c.StandardService - Starting service [Tomcat]
@2019-Mar-27 07:36:21.040 INFO  [restartedMain] o.a.c.c.StandardEngine - Starting Servlet engine: [Apache Tomcat/9.0.16]
@2019-Mar-27 07:36:21.063 INFO  [restartedMain] o.a.c.c.AprLifecycleListener - The APR based Apache Tomcat Native library which allows optimal performance in production environments was not found on the java.library.path: [/Users/sraj/Library/Java/Extensions:/Library/Java/Extensions:/Network/Library/Java/Extensions:/System/Library/Java/Extensions:/usr/lib/java:.]
@2019-Mar-27 07:36:21.250 INFO  [restartedMain] o.a.c.c.C.[.[.[/] - Initializing Spring embedded WebApplicationContext
@2019-Mar-27 07:36:22.954 INFO  [restartedMain] c.z.h.HikariDataSource - HikariPool-1 - Starting...
@2019-Mar-27 07:36:28.367 INFO  [restartedMain] c.z.h.HikariDataSource - HikariPool-1 - Start completed.
@2019-Mar-27 07:36:30.410 INFO  [restartedMain] o.s.o.j.LocalContainerEntityManagerFactoryBean - Initialized JPA EntityManagerFactory for persistence unit 'default'
@2019-Mar-27 07:36:36.502 INFO  [restartedMain] o.s.s.c.ThreadPoolTaskExecutor - Initializing ExecutorService 'applicationTaskExecutor'
@2019-Mar-27 07:36:36.605 WARN  [restartedMain] o.s.b.a.o.j.JpaBaseConfiguration$JpaWebConfiguration$JpaWebMvcConfiguration - spring.jpa.open-in-view is enabled by default. Therefore, database queries may be performed during view rendering. Explicitly configure spring.jpa.open-in-view to disable this warning
@2019-Mar-27 07:36:39.805 INFO  [restartedMain] o.s.s.w.DefaultSecurityFilterChain - Creating filter chain: OrRequestMatcher [requestMatchers=[Ant [pattern='/oauth/token'], Ant [pattern='/oauth/token_key'], Ant [pattern='/oauth/check_token']]], [org.springframework.security.web.context.request.async.WebAsyncManagerIntegrationFilter@67b82369, org.springframework.security.web.context.SecurityContextPersistenceFilter@339aa19c, org.springframework.security.web.header.HeaderWriterFilter@5c102264, org.springframework.security.web.authentication.logout.LogoutFilter@ebb1a78, org.springframework.security.web.authentication.www.BasicAuthenticationFilter@23389cd4, org.springframework.security.web.savedrequest.RequestCacheAwareFilter@4f9447f3, org.springframework.security.web.servletapi.SecurityContextHolderAwareRequestFilter@5809a496, org.springframework.security.web.authentication.AnonymousAuthenticationFilter@121f189c, org.springframework.security.web.session.SessionManagementFilter@aa772dd, org.springframework.security.web.access.ExceptionTranslationFilter@21dc46c4, org.springframework.security.web.access.intercept.FilterSecurityInterceptor@92c9270]
@2019-Mar-27 07:36:39.812 INFO  [restartedMain] o.s.s.w.DefaultSecurityFilterChain - Creating filter chain: any request, [org.springframework.security.web.context.request.async.WebAsyncManagerIntegrationFilter@73917b97, org.springframework.security.web.context.SecurityContextPersistenceFilter@224da28c, org.springframework.security.web.header.HeaderWriterFilter@66b90b6c, org.springframework.security.web.authentication.logout.LogoutFilter@21661f73, org.springframework.security.web.authentication.www.BasicAuthenticationFilter@5f9b653e, org.springframework.security.web.savedrequest.RequestCacheAwareFilter@3393c660, org.springframework.security.web.servletapi.SecurityContextHolderAwareRequestFilter@1d5f4915, org.springframework.security.web.authentication.AnonymousAuthenticationFilter@3f7fd212, org.springframework.security.web.session.SessionManagementFilter@31c1b89d, org.springframework.security.web.access.ExceptionTranslationFilter@2e37ff0a, org.springframework.security.web.access.intercept.FilterSecurityInterceptor@35011b87]
@2019-Mar-27 07:36:39.946 INFO  [restartedMain] o.s.b.a.e.w.EndpointLinksResolver - Exposing 2 endpoint(s) beneath base path '/actuator'
@2019-Mar-27 07:36:40.135 WARN  [restartedMain] o.s.b.d.a.OptionalLiveReloadServer - Unable to start LiveReload server
@2019-Mar-27 07:36:40.152 INFO  [RMI TCP Connection(2)-10.64.3.12] o.a.c.c.C.[.[.[/] - Initializing Spring DispatcherServlet 'dispatcherServlet'
@2019-Mar-27 07:36:40.534 INFO  [restartedMain] o.s.b.w.e.t.TomcatWebServer - Tomcat started on port(s): 9001 (http) with context path ''
@2019-Mar-27 07:36:40.538 INFO  [restartedMain] q.g.c.a.AuthenticationApplication - Started AuthenticationApplication in 39.384 seconds (JVM running for 40.246)
@2019-Mar-27 07:36:45.758 INFO  [http-nio-9001-exec-1] o.a.t.u.h.Parameters - Invalid chunk starting at byte [59] and ending at byte [60] with a value of [=] ignored
 Note: further occurrences of Parameter errors will be logged at DEBUG level.
@2019-Mar-27 07:37:54.897 WARN  [http-nio-9001-exec-1] o.s.s.o.p.e.TokenEndpoint - Handling error: InvalidScopeException, Empty scope (either the client or the user is not allowed the requested scopes)
@2019-Mar-27 07:39:33.795 INFO  [Thread-1] o.s.s.c.ThreadPoolTaskExecutor - Shutting down ExecutorService 'applicationTaskExecutor'
@2019-Mar-27 07:39:33.796 INFO  [Thread-1] o.s.o.j.LocalContainerEntityManagerFactoryBean - Closing JPA EntityManagerFactory for persistence unit 'default'
@2019-Mar-27 07:39:33.803 INFO  [Thread-1] c.z.h.HikariDataSource - HikariPool-1 - Shutdown initiated...
@2019-Mar-27 07:39:33.839 INFO  [Thread-1] c.z.h.HikariDataSource - HikariPool-1 - Shutdown completed.
@2019-Mar-27 07:39:39.273 INFO  [restartedMain] o.s.c.s.PostProcessorRegistrationDelegate$BeanPostProcessorChecker - Bean 'org.springframework.cloud.autoconfigure.ConfigurationPropertiesRebinderAutoConfiguration' of type [org.springframework.cloud.autoconfigure.ConfigurationPropertiesRebinderAutoConfiguration$$EnhancerBySpringCGLIB$$17c83a4c] is not eligible for getting processed by all BeanPostProcessors (for example: not eligible for auto-proxying)
@2019-Mar-27 07:39:44.319 INFO  [restartedMain] q.g.c.a.AuthenticationApplication - No active profile set, falling back to default profiles: default
@2019-Mar-27 07:39:44.997 INFO  [restartedMain] o.s.d.r.c.RepositoryConfigurationDelegate - Bootstrapping Spring Data repositories in DEFAULT mode.
@2019-Mar-27 07:39:45.013 INFO  [restartedMain] o.s.d.r.c.RepositoryConfigurationDelegate - Finished Spring Data repository scanning in 16ms. Found 1 repository interfaces.
@2019-Mar-27 07:39:45.134 INFO  [restartedMain] o.s.c.c.s.GenericScope - BeanFactory id=1923f0dd-47a1-3a1c-9a33-6dc633f8f623
@2019-Mar-27 07:39:45.197 INFO  [restartedMain] o.s.c.s.PostProcessorRegistrationDelegate$BeanPostProcessorChecker - Bean 'org.springframework.transaction.annotation.ProxyTransactionManagementConfiguration' of type [org.springframework.transaction.annotation.ProxyTransactionManagementConfiguration$$EnhancerBySpringCGLIB$$fbae374f] is not eligible for getting processed by all BeanPostProcessors (for example: not eligible for auto-proxying)
@2019-Mar-27 07:39:45.209 INFO  [restartedMain] o.s.c.s.PostProcessorRegistrationDelegate$BeanPostProcessorChecker - Bean 'org.springframework.cloud.autoconfigure.ConfigurationPropertiesRebinderAutoConfiguration' of type [org.springframework.cloud.autoconfigure.ConfigurationPropertiesRebinderAutoConfiguration$$EnhancerBySpringCGLIB$$17c83a4c] is not eligible for getting processed by all BeanPostProcessors (for example: not eligible for auto-proxying)
@2019-Mar-27 07:39:45.215 INFO  [restartedMain] o.s.c.s.PostProcessorRegistrationDelegate$BeanPostProcessorChecker - Bean 'org.springframework.cloud.sleuth.instrument.web.client.TraceWebClientAutoConfiguration$TraceOAuthConfiguration' of type [org.springframework.cloud.sleuth.instrument.web.client.TraceWebClientAutoConfiguration$TraceOAuthConfiguration$$EnhancerBySpringCGLIB$$40aac9ae] is not eligible for getting processed by all BeanPostProcessors (for example: not eligible for auto-proxying)
@2019-Mar-27 07:39:45.416 INFO  [restartedMain] o.s.b.w.e.t.TomcatWebServer - Tomcat initialized with port(s): 9001 (http)
@2019-Mar-27 07:39:45.420 INFO  [restartedMain] o.a.c.c.StandardService - Starting service [Tomcat]
@2019-Mar-27 07:39:45.421 INFO  [restartedMain] o.a.c.c.StandardEngine - Starting Servlet engine: [Apache Tomcat/9.0.16]
@2019-Mar-27 07:39:45.434 INFO  [restartedMain] o.a.c.c.C.[.[.[/] - Initializing Spring embedded WebApplicationContext
@2019-Mar-27 07:39:46.232 INFO  [restartedMain] c.z.h.HikariDataSource - HikariPool-2 - Starting...
@2019-Mar-27 07:39:51.328 INFO  [restartedMain] c.z.h.HikariDataSource - HikariPool-2 - Start completed.
@2019-Mar-27 07:39:51.503 INFO  [restartedMain] o.s.o.j.LocalContainerEntityManagerFactoryBean - Initialized JPA EntityManagerFactory for persistence unit 'default'
@2019-Mar-27 08:10:59.744 INFO  [restartedMain] o.s.b.d.e.DevToolsPropertyDefaultsPostProcessor - Devtools property defaults active! Set 'spring.devtools.add-properties' to 'false' to disable
@2019-Mar-27 08:10:59.970 INFO  [restartedMain] o.s.c.s.PostProcessorRegistrationDelegate$BeanPostProcessorChecker - Bean 'org.springframework.cloud.autoconfigure.ConfigurationPropertiesRebinderAutoConfiguration' of type [org.springframework.cloud.autoconfigure.ConfigurationPropertiesRebinderAutoConfiguration$$EnhancerBySpringCGLIB$$b6e63327] is not eligible for getting processed by all BeanPostProcessors (for example: not eligible for auto-proxying)
@2019-Mar-27 08:11:09.577 INFO  [restartedMain] q.g.c.a.AuthenticationApplication - No active profile set, falling back to default profiles: default
@2019-Mar-27 08:11:10.433 INFO  [restartedMain] o.s.d.r.c.RepositoryConfigurationDelegate - Bootstrapping Spring Data repositories in DEFAULT mode.
@2019-Mar-27 08:11:10.487 INFO  [restartedMain] o.s.d.r.c.RepositoryConfigurationDelegate - Finished Spring Data repository scanning in 48ms. Found 1 repository interfaces.
@2019-Mar-27 08:11:10.915 INFO  [restartedMain] o.s.c.c.s.GenericScope - BeanFactory id=1923f0dd-47a1-3a1c-9a33-6dc633f8f623
@2019-Mar-27 08:11:11.189 INFO  [restartedMain] o.s.c.s.PostProcessorRegistrationDelegate$BeanPostProcessorChecker - Bean 'org.springframework.transaction.annotation.ProxyTransactionManagementConfiguration' of type [org.springframework.transaction.annotation.ProxyTransactionManagementConfiguration$$EnhancerBySpringCGLIB$$9acc302a] is not eligible for getting processed by all BeanPostProcessors (for example: not eligible for auto-proxying)
@2019-Mar-27 08:11:11.229 INFO  [restartedMain] o.s.c.s.PostProcessorRegistrationDelegate$BeanPostProcessorChecker - Bean 'org.springframework.cloud.autoconfigure.ConfigurationPropertiesRebinderAutoConfiguration' of type [org.springframework.cloud.autoconfigure.ConfigurationPropertiesRebinderAutoConfiguration$$EnhancerBySpringCGLIB$$b6e63327] is not eligible for getting processed by all BeanPostProcessors (for example: not eligible for auto-proxying)
@2019-Mar-27 08:11:11.237 INFO  [restartedMain] o.s.c.s.PostProcessorRegistrationDelegate$BeanPostProcessorChecker - Bean 'org.springframework.cloud.sleuth.instrument.web.client.TraceWebClientAutoConfiguration$TraceOAuthConfiguration' of type [org.springframework.cloud.sleuth.instrument.web.client.TraceWebClientAutoConfiguration$TraceOAuthConfiguration$$EnhancerBySpringCGLIB$$dfc8c289] is not eligible for getting processed by all BeanPostProcessors (for example: not eligible for auto-proxying)
@2019-Mar-27 08:11:11.867 INFO  [restartedMain] o.s.b.w.e.t.TomcatWebServer - Tomcat initialized with port(s): 9001 (http)
@2019-Mar-27 08:11:11.895 INFO  [restartedMain] o.a.c.c.StandardService - Starting service [Tomcat]
@2019-Mar-27 08:11:11.895 INFO  [restartedMain] o.a.c.c.StandardEngine - Starting Servlet engine: [Apache Tomcat/9.0.16]
@2019-Mar-27 08:11:11.907 INFO  [restartedMain] o.a.c.c.AprLifecycleListener - The APR based Apache Tomcat Native library which allows optimal performance in production environments was not found on the java.library.path: [/Users/sraj/Library/Java/Extensions:/Library/Java/Extensions:/Network/Library/Java/Extensions:/System/Library/Java/Extensions:/usr/lib/java:.]
@2019-Mar-27 08:11:12.022 INFO  [restartedMain] o.a.c.c.C.[.[.[/] - Initializing Spring embedded WebApplicationContext
@2019-Mar-27 08:11:13.170 INFO  [restartedMain] c.z.h.HikariDataSource - HikariPool-1 - Starting...
@2019-Mar-27 08:11:18.473 INFO  [restartedMain] c.z.h.HikariDataSource - HikariPool-1 - Start completed.
@2019-Mar-27 08:11:19.916 INFO  [restartedMain] o.s.o.j.LocalContainerEntityManagerFactoryBean - Initialized JPA EntityManagerFactory for persistence unit 'default'
@2019-Mar-27 08:11:21.369 INFO  [restartedMain] o.s.s.c.ThreadPoolTaskExecutor - Initializing ExecutorService 'applicationTaskExecutor'
@2019-Mar-27 08:11:21.439 WARN  [restartedMain] o.s.b.a.o.j.JpaBaseConfiguration$JpaWebConfiguration$JpaWebMvcConfiguration - spring.jpa.open-in-view is enabled by default. Therefore, database queries may be performed during view rendering. Explicitly configure spring.jpa.open-in-view to disable this warning
@2019-Mar-27 08:11:22.036 INFO  [restartedMain] o.s.s.w.DefaultSecurityFilterChain - Creating filter chain: OrRequestMatcher [requestMatchers=[Ant [pattern='/oauth/token'], Ant [pattern='/oauth/token_key'], Ant [pattern='/oauth/check_token']]], [org.springframework.security.web.context.request.async.WebAsyncManagerIntegrationFilter@61e447ad, org.springframework.security.web.context.SecurityContextPersistenceFilter@6c69b2dd, org.springframework.security.web.header.HeaderWriterFilter@65e58289, org.springframework.security.web.authentication.logout.LogoutFilter@4300eac, org.springframework.security.web.authentication.www.BasicAuthenticationFilter@4e35b768, org.springframework.security.web.savedrequest.RequestCacheAwareFilter@35b57e48, org.springframework.security.web.servletapi.SecurityContextHolderAwareRequestFilter@1177ec28, org.springframework.security.web.authentication.AnonymousAuthenticationFilter@1b1fb00f, org.springframework.security.web.session.SessionManagementFilter@2f01e51f, org.springframework.security.web.access.ExceptionTranslationFilter@61afdf92, org.springframework.security.web.access.intercept.FilterSecurityInterceptor@6879df12]
@2019-Mar-27 08:11:22.042 INFO  [restartedMain] o.s.s.w.DefaultSecurityFilterChain - Creating filter chain: any request, [org.springframework.security.web.context.request.async.WebAsyncManagerIntegrationFilter@7d30a973, org.springframework.security.web.context.SecurityContextPersistenceFilter@309d48b9, org.springframework.security.web.header.HeaderWriterFilter@b8ad63f, org.springframework.security.web.authentication.logout.LogoutFilter@5775232a, org.springframework.security.web.authentication.www.BasicAuthenticationFilter@2867dc81, org.springframework.security.web.savedrequest.RequestCacheAwareFilter@6f707fa0, org.springframework.security.web.servletapi.SecurityContextHolderAwareRequestFilter@3216775f, org.springframework.security.web.authentication.AnonymousAuthenticationFilter@405d2b76, org.springframework.security.web.session.SessionManagementFilter@4be5dc73, org.springframework.security.web.access.ExceptionTranslationFilter@2d6e5b99, org.springframework.security.web.access.intercept.FilterSecurityInterceptor@1ea9be20]
@2019-Mar-27 08:11:22.128 INFO  [restartedMain] o.s.b.a.e.w.EndpointLinksResolver - Exposing 2 endpoint(s) beneath base path '/actuator'
@2019-Mar-27 08:11:22.244 WARN  [restartedMain] o.s.b.d.a.OptionalLiveReloadServer - Unable to start LiveReload server
@2019-Mar-27 08:11:22.524 INFO  [restartedMain] o.s.b.w.e.t.TomcatWebServer - Tomcat started on port(s): 9001 (http) with context path ''
@2019-Mar-27 08:11:22.527 INFO  [restartedMain] q.g.c.a.AuthenticationApplication - Started AuthenticationApplication in 28.222 seconds (JVM running for 28.692)
@2019-Mar-27 08:11:24.511 INFO  [RMI TCP Connection(1)-10.64.3.12] o.a.c.c.C.[.[.[/] - Initializing Spring DispatcherServlet 'dispatcherServlet'
@2019-Mar-27 08:11:33.638 INFO  [Thread-16] o.s.s.c.ThreadPoolTaskExecutor - Shutting down ExecutorService 'applicationTaskExecutor'
@2019-Mar-27 08:11:33.639 INFO  [Thread-16] o.s.o.j.LocalContainerEntityManagerFactoryBean - Closing JPA EntityManagerFactory for persistence unit 'default'
@2019-Mar-27 08:11:33.644 INFO  [Thread-16] c.z.h.HikariDataSource - HikariPool-1 - Shutdown initiated...
@2019-Mar-27 08:11:33.896 INFO  [Thread-16] c.z.h.HikariDataSource - HikariPool-1 - Shutdown completed.
@2019-Mar-27 08:11:50.213 INFO  [restartedMain] o.s.b.d.e.DevToolsPropertyDefaultsPostProcessor - Devtools property defaults active! Set 'spring.devtools.add-properties' to 'false' to disable
@2019-Mar-27 08:11:50.649 INFO  [restartedMain] o.s.c.s.PostProcessorRegistrationDelegate$BeanPostProcessorChecker - Bean 'org.springframework.cloud.autoconfigure.ConfigurationPropertiesRebinderAutoConfiguration' of type [org.springframework.cloud.autoconfigure.ConfigurationPropertiesRebinderAutoConfiguration$$EnhancerBySpringCGLIB$$298e18d1] is not eligible for getting processed by all BeanPostProcessors (for example: not eligible for auto-proxying)
@2019-Mar-27 08:11:55.920 INFO  [restartedMain] q.g.c.a.AuthenticationApplication - No active profile set, falling back to default profiles: default
@2019-Mar-27 08:11:57.340 INFO  [restartedMain] o.s.d.r.c.RepositoryConfigurationDelegate - Bootstrapping Spring Data repositories in DEFAULT mode.
@2019-Mar-27 08:11:57.445 INFO  [restartedMain] o.s.d.r.c.RepositoryConfigurationDelegate - Finished Spring Data repository scanning in 90ms. Found 1 repository interfaces.
@2019-Mar-27 08:11:58.099 INFO  [restartedMain] o.s.c.c.s.GenericScope - BeanFactory id=1923f0dd-47a1-3a1c-9a33-6dc633f8f623
@2019-Mar-27 08:11:58.518 INFO  [restartedMain] o.s.c.s.PostProcessorRegistrationDelegate$BeanPostProcessorChecker - Bean 'org.springframework.transaction.annotation.ProxyTransactionManagementConfiguration' of type [org.springframework.transaction.annotation.ProxyTransactionManagementConfiguration$$EnhancerBySpringCGLIB$$d7415d4] is not eligible for getting processed by all BeanPostProcessors (for example: not eligible for auto-proxying)
@2019-Mar-27 08:11:58.574 INFO  [restartedMain] o.s.c.s.PostProcessorRegistrationDelegate$BeanPostProcessorChecker - Bean 'org.springframework.cloud.autoconfigure.ConfigurationPropertiesRebinderAutoConfiguration' of type [org.springframework.cloud.autoconfigure.ConfigurationPropertiesRebinderAutoConfiguration$$EnhancerBySpringCGLIB$$298e18d1] is not eligible for getting processed by all BeanPostProcessors (for example: not eligible for auto-proxying)
@2019-Mar-27 08:11:58.584 INFO  [restartedMain] o.s.c.s.PostProcessorRegistrationDelegate$BeanPostProcessorChecker - Bean 'org.springframework.cloud.sleuth.instrument.web.client.TraceWebClientAutoConfiguration$TraceOAuthConfiguration' of type [org.springframework.cloud.sleuth.instrument.web.client.TraceWebClientAutoConfiguration$TraceOAuthConfiguration$$EnhancerBySpringCGLIB$$5270a833] is not eligible for getting processed by all BeanPostProcessors (for example: not eligible for auto-proxying)
@2019-Mar-27 08:11:59.389 INFO  [restartedMain] o.s.b.w.e.t.TomcatWebServer - Tomcat initialized with port(s): 9001 (http)
@2019-Mar-27 08:11:59.422 INFO  [restartedMain] o.a.c.c.StandardService - Starting service [Tomcat]
@2019-Mar-27 08:11:59.422 INFO  [restartedMain] o.a.c.c.StandardEngine - Starting Servlet engine: [Apache Tomcat/9.0.16]
@2019-Mar-27 08:11:59.437 INFO  [restartedMain] o.a.c.c.AprLifecycleListener - The APR based Apache Tomcat Native library which allows optimal performance in production environments was not found on the java.library.path: [/Users/sraj/Library/Java/Extensions:/Library/Java/Extensions:/Network/Library/Java/Extensions:/System/Library/Java/Extensions:/usr/lib/java:.]
@2019-Mar-27 08:11:59.607 INFO  [restartedMain] o.a.c.c.C.[.[.[/] - Initializing Spring embedded WebApplicationContext
@2019-Mar-27 08:12:01.081 INFO  [restartedMain] c.z.h.HikariDataSource - HikariPool-1 - Starting...
@2019-Mar-27 08:12:06.492 INFO  [restartedMain] c.z.h.HikariDataSource - HikariPool-1 - Start completed.
@2019-Mar-27 08:12:08.490 INFO  [restartedMain] o.s.o.j.LocalContainerEntityManagerFactoryBean - Initialized JPA EntityManagerFactory for persistence unit 'default'
@2019-Mar-27 08:12:37.505 INFO  [restartedMain] o.s.s.c.ThreadPoolTaskExecutor - Initializing ExecutorService 'applicationTaskExecutor'
@2019-Mar-27 08:12:37.619 WARN  [restartedMain] o.s.b.a.o.j.JpaBaseConfiguration$JpaWebConfiguration$JpaWebMvcConfiguration - spring.jpa.open-in-view is enabled by default. Therefore, database queries may be performed during view rendering. Explicitly configure spring.jpa.open-in-view to disable this warning
@2019-Mar-27 08:12:48.943 INFO  [restartedMain] o.s.s.w.DefaultSecurityFilterChain - Creating filter chain: OrRequestMatcher [requestMatchers=[Ant [pattern='/oauth/token'], Ant [pattern='/oauth/token_key'], Ant [pattern='/oauth/check_token']]], [org.springframework.security.web.context.request.async.WebAsyncManagerIntegrationFilter@2046f52c, org.springframework.security.web.context.SecurityContextPersistenceFilter@7e05732a, org.springframework.security.web.header.HeaderWriterFilter@2926c0a1, org.springframework.security.web.authentication.logout.LogoutFilter@61d9dfba, org.springframework.security.web.authentication.www.BasicAuthenticationFilter@53863229, org.springframework.security.web.savedrequest.RequestCacheAwareFilter@3bfd58c5, org.springframework.security.web.servletapi.SecurityContextHolderAwareRequestFilter@fb86076, org.springframework.security.web.authentication.AnonymousAuthenticationFilter@27391264, org.springframework.security.web.session.SessionManagementFilter@eac901f, org.springframework.security.web.access.ExceptionTranslationFilter@64c39767, org.springframework.security.web.access.intercept.FilterSecurityInterceptor@55db3ea1]
@2019-Mar-27 08:12:48.950 INFO  [restartedMain] o.s.s.w.DefaultSecurityFilterChain - Creating filter chain: any request, [org.springframework.security.web.context.request.async.WebAsyncManagerIntegrationFilter@4ca29da4, org.springframework.security.web.context.SecurityContextPersistenceFilter@5b986ad1, org.springframework.security.web.header.HeaderWriterFilter@6070ee53, org.springframework.security.web.authentication.logout.LogoutFilter@571e164a, org.springframework.security.web.authentication.www.BasicAuthenticationFilter@2a4b697a, org.springframework.security.web.savedrequest.RequestCacheAwareFilter@42c1cf3d, org.springframework.security.web.servletapi.SecurityContextHolderAwareRequestFilter@25a4b340, org.springframework.security.web.authentication.AnonymousAuthenticationFilter@5eed8a8e, org.springframework.security.web.session.SessionManagementFilter@60c25157, org.springframework.security.web.access.ExceptionTranslationFilter@2736671, org.springframework.security.web.access.intercept.FilterSecurityInterceptor@2409d191]
@2019-Mar-27 08:12:49.087 INFO  [restartedMain] o.s.b.a.e.w.EndpointLinksResolver - Exposing 2 endpoint(s) beneath base path '/actuator'
@2019-Mar-27 08:12:49.271 WARN  [restartedMain] o.s.b.d.a.OptionalLiveReloadServer - Unable to start LiveReload server
@2019-Mar-27 08:12:49.289 INFO  [RMI TCP Connection(2)-10.64.3.12] o.a.c.c.C.[.[.[/] - Initializing Spring DispatcherServlet 'dispatcherServlet'
@2019-Mar-27 08:12:49.705 INFO  [restartedMain] o.s.b.w.e.t.TomcatWebServer - Tomcat started on port(s): 9001 (http) with context path ''
@2019-Mar-27 08:12:49.710 INFO  [restartedMain] q.g.c.a.AuthenticationApplication - Started AuthenticationApplication in 69.723 seconds (JVM running for 70.484)
@2019-Mar-27 08:13:03.852 INFO  [http-nio-9001-exec-1] o.a.t.u.h.Parameters - Invalid chunk starting at byte [59] and ending at byte [60] with a value of [=] ignored
 Note: further occurrences of Parameter errors will be logged at DEBUG level.
@2019-Mar-27 08:13:20.574 WARN  [http-nio-9001-exec-1] o.s.s.o.p.e.TokenEndpoint - Handling error: InvalidScopeException, Empty scope (either the client or the user is not allowed the requested scopes)
@2019-Mar-27 08:15:10.439 WARN  [http-nio-9001-exec-2] o.s.s.o.p.e.TokenEndpoint - Handling error: InvalidScopeException, Empty scope (either the client or the user is not allowed the requested scopes)
@2019-Mar-27 08:18:34.916 WARN  [http-nio-9001-exec-10] o.s.s.o.p.e.TokenEndpoint - Handling error: InvalidScopeException, Empty scope (either the client or the user is not allowed the requested scopes)
@2019-Mar-27 08:24:34.130 WARN  [http-nio-9001-exec-1] o.s.s.o.p.e.TokenEndpoint - Handling error: InvalidScopeException, Empty scope (either the client or the user is not allowed the requested scopes)
@2019-Mar-27 08:25:57.529 WARN  [http-nio-9001-exec-2] o.s.s.o.p.e.TokenEndpoint - Handling error: InvalidScopeException, Empty scope (either the client or the user is not allowed the requested scopes)
@2019-Mar-27 08:25:58.652 WARN  [http-nio-9001-exec-3] o.s.s.o.p.e.TokenEndpoint - Handling error: InvalidScopeException, Empty scope (either the client or the user is not allowed the requested scopes)
@2019-Mar-27 08:26:06.842 WARN  [http-nio-9001-exec-5] o.s.s.o.p.e.TokenEndpoint - Handling error: InvalidScopeException, Empty scope (either the client or the user is not allowed the requested scopes)
